<?xml version="1.0" encoding="UTF-8"?>
<testsuite name="com.findme.mysteryweb.Repository.PostRepositoryTest" tests="7" skipped="0" failures="2" errors="0" timestamp="2024-01-29T10:13:44" hostname="DESKTOP-CSD8MNN" time="0.354">
  <properties/>
  <testcase name="delete()" classname="com.findme.mysteryweb.Repository.PostRepositoryTest" time="0.088">
    <failure message="org.opentest4j.AssertionFailedError: &#13;&#10;expected: 1&#13;&#10; but was: 26" type="org.opentest4j.AssertionFailedError">org.opentest4j.AssertionFailedError: 
expected: 1
 but was: 26
	at java.base@17.0.2/jdk.internal.reflect.NativeConstructorAccessorImpl.newInstance0(Native Method)
	at java.base@17.0.2/jdk.internal.reflect.NativeConstructorAccessorImpl.newInstance(NativeConstructorAccessorImpl.java:77)
	at java.base@17.0.2/jdk.internal.reflect.DelegatingConstructorAccessorImpl.newInstance(DelegatingConstructorAccessorImpl.java:45)
	at java.base@17.0.2/java.lang.reflect.Constructor.newInstanceWithCaller(Constructor.java:499)
	at app//com.findme.mysteryweb.Repository.PostRepositoryTest.delete(PostRepositoryTest.java:131)
	at java.base@17.0.2/jdk.internal.reflect.NativeMethodAccessorImpl.invoke0(Native Method)
	at java.base@17.0.2/jdk.internal.reflect.NativeMethodAccessorImpl.invoke(NativeMethodAccessorImpl.java:77)
	at java.base@17.0.2/jdk.internal.reflect.DelegatingMethodAccessorImpl.invoke(DelegatingMethodAccessorImpl.java:43)
	at java.base@17.0.2/java.lang.reflect.Method.invoke(Method.java:568)
	at app//org.junit.platform.commons.util.ReflectionUtils.invokeMethod(ReflectionUtils.java:727)
	at app//org.junit.jupiter.engine.execution.MethodInvocation.proceed(MethodInvocation.java:60)
	at app//org.junit.jupiter.engine.execution.InvocationInterceptorChain$ValidatingInvocation.proceed(InvocationInterceptorChain.java:131)
	at app//org.junit.jupiter.engine.extension.TimeoutExtension.intercept(TimeoutExtension.java:156)
	at app//org.junit.jupiter.engine.extension.TimeoutExtension.interceptTestableMethod(TimeoutExtension.java:147)
	at app//org.junit.jupiter.engine.extension.TimeoutExtension.interceptTestMethod(TimeoutExtension.java:86)
	at app//org.junit.jupiter.engine.execution.InterceptingExecutableInvoker$ReflectiveInterceptorCall.lambda$ofVoidMethod$0(InterceptingExecutableInvoker.java:103)
	at app//org.junit.jupiter.engine.execution.InterceptingExecutableInvoker.lambda$invoke$0(InterceptingExecutableInvoker.java:93)
	at app//org.junit.jupiter.engine.execution.InvocationInterceptorChain$InterceptedInvocation.proceed(InvocationInterceptorChain.java:106)
	at app//org.junit.jupiter.engine.execution.InvocationInterceptorChain.proceed(InvocationInterceptorChain.java:64)
	at app//org.junit.jupiter.engine.execution.InvocationInterceptorChain.chainAndInvoke(InvocationInterceptorChain.java:45)
	at app//org.junit.jupiter.engine.execution.InvocationInterceptorChain.invoke(InvocationInterceptorChain.java:37)
	at app//org.junit.jupiter.engine.execution.InterceptingExecutableInvoker.invoke(InterceptingExecutableInvoker.java:92)
	at app//org.junit.jupiter.engine.execution.InterceptingExecutableInvoker.invoke(InterceptingExecutableInvoker.java:86)
	at app//org.junit.jupiter.engine.descriptor.TestMethodTestDescriptor.lambda$invokeTestMethod$7(TestMethodTestDescriptor.java:217)
	at app//org.junit.platform.engine.support.hierarchical.ThrowableCollector.execute(ThrowableCollector.java:73)
	at app//org.junit.jupiter.engine.descriptor.TestMethodTestDescriptor.invokeTestMethod(TestMethodTestDescriptor.java:213)
	at app//org.junit.jupiter.engine.descriptor.TestMethodTestDescriptor.execute(TestMethodTestDescriptor.java:138)
	at app//org.junit.jupiter.engine.descriptor.TestMethodTestDescriptor.execute(TestMethodTestDescriptor.java:68)
	at app//org.junit.platform.engine.support.hierarchical.NodeTestTask.lambda$executeRecursively$6(NodeTestTask.java:151)
	at app//org.junit.platform.engine.support.hierarchical.ThrowableCollector.execute(ThrowableCollector.java:73)
	at app//org.junit.platform.engine.support.hierarchical.NodeTestTask.lambda$executeRecursively$8(NodeTestTask.java:141)
	at app//org.junit.platform.engine.support.hierarchical.Node.around(Node.java:137)
	at app//org.junit.platform.engine.support.hierarchical.NodeTestTask.lambda$executeRecursively$9(NodeTestTask.java:139)
	at app//org.junit.platform.engine.support.hierarchical.ThrowableCollector.execute(ThrowableCollector.java:73)
	at app//org.junit.platform.engine.support.hierarchical.NodeTestTask.executeRecursively(NodeTestTask.java:138)
	at app//org.junit.platform.engine.support.hierarchical.NodeTestTask.execute(NodeTestTask.java:95)
	at java.base@17.0.2/java.util.ArrayList.forEach(ArrayList.java:1511)
	at app//org.junit.platform.engine.support.hierarchical.SameThreadHierarchicalTestExecutorService.invokeAll(SameThreadHierarchicalTestExecutorService.java:41)
	at app//org.junit.platform.engine.support.hierarchical.NodeTestTask.lambda$executeRecursively$6(NodeTestTask.java:155)
	at app//org.junit.platform.engine.support.hierarchical.ThrowableCollector.execute(ThrowableCollector.java:73)
	at app//org.junit.platform.engine.support.hierarchical.NodeTestTask.lambda$executeRecursively$8(NodeTestTask.java:141)
	at app//org.junit.platform.engine.support.hierarchical.Node.around(Node.java:137)
	at app//org.junit.platform.engine.support.hierarchical.NodeTestTask.lambda$executeRecursively$9(NodeTestTask.java:139)
	at app//org.junit.platform.engine.support.hierarchical.ThrowableCollector.execute(ThrowableCollector.java:73)
	at app//org.junit.platform.engine.support.hierarchical.NodeTestTask.executeRecursively(NodeTestTask.java:138)
	at app//org.junit.platform.engine.support.hierarchical.NodeTestTask.execute(NodeTestTask.java:95)
	at java.base@17.0.2/java.util.ArrayList.forEach(ArrayList.java:1511)
	at app//org.junit.platform.engine.support.hierarchical.SameThreadHierarchicalTestExecutorService.invokeAll(SameThreadHierarchicalTestExecutorService.java:41)
	at app//org.junit.platform.engine.support.hierarchical.NodeTestTask.lambda$executeRecursively$6(NodeTestTask.java:155)
	at app//org.junit.platform.engine.support.hierarchical.ThrowableCollector.execute(ThrowableCollector.java:73)
	at app//org.junit.platform.engine.support.hierarchical.NodeTestTask.lambda$executeRecursively$8(NodeTestTask.java:141)
	at app//org.junit.platform.engine.support.hierarchical.Node.around(Node.java:137)
	at app//org.junit.platform.engine.support.hierarchical.NodeTestTask.lambda$executeRecursively$9(NodeTestTask.java:139)
	at app//org.junit.platform.engine.support.hierarchical.ThrowableCollector.execute(ThrowableCollector.java:73)
	at app//org.junit.platform.engine.support.hierarchical.NodeTestTask.executeRecursively(NodeTestTask.java:138)
	at app//org.junit.platform.engine.support.hierarchical.NodeTestTask.execute(NodeTestTask.java:95)
	at app//org.junit.platform.engine.support.hierarchical.SameThreadHierarchicalTestExecutorService.submit(SameThreadHierarchicalTestExecutorService.java:35)
	at app//org.junit.platform.engine.support.hierarchical.HierarchicalTestExecutor.execute(HierarchicalTestExecutor.java:57)
	at app//org.junit.platform.engine.support.hierarchical.HierarchicalTestEngine.execute(HierarchicalTestEngine.java:54)
	at app//org.junit.platform.launcher.core.EngineExecutionOrchestrator.execute(EngineExecutionOrchestrator.java:107)
	at app//org.junit.platform.launcher.core.EngineExecutionOrchestrator.execute(EngineExecutionOrchestrator.java:88)
	at app//org.junit.platform.launcher.core.EngineExecutionOrchestrator.lambda$execute$0(EngineExecutionOrchestrator.java:54)
	at app//org.junit.platform.launcher.core.EngineExecutionOrchestrator.withInterceptedStreams(EngineExecutionOrchestrator.java:67)
	at app//org.junit.platform.launcher.core.EngineExecutionOrchestrator.execute(EngineExecutionOrchestrator.java:52)
	at app//org.junit.platform.launcher.core.DefaultLauncher.execute(DefaultLauncher.java:114)
	at app//org.junit.platform.launcher.core.DefaultLauncher.execute(DefaultLauncher.java:86)
	at app//org.junit.platform.launcher.core.DefaultLauncherSession$DelegatingLauncher.execute(DefaultLauncherSession.java:86)
	at org.gradle.api.internal.tasks.testing.junitplatform.JUnitPlatformTestClassProcessor$CollectAllTestClassesExecutor.processAllTestClasses(JUnitPlatformTestClassProcessor.java:110)
	at org.gradle.api.internal.tasks.testing.junitplatform.JUnitPlatformTestClassProcessor$CollectAllTestClassesExecutor.access$000(JUnitPlatformTestClassProcessor.java:90)
	at org.gradle.api.internal.tasks.testing.junitplatform.JUnitPlatformTestClassProcessor.stop(JUnitPlatformTestClassProcessor.java:85)
	at org.gradle.api.internal.tasks.testing.SuiteTestClassProcessor.stop(SuiteTestClassProcessor.java:62)
	at java.base@17.0.2/jdk.internal.reflect.NativeMethodAccessorImpl.invoke0(Native Method)
	at java.base@17.0.2/jdk.internal.reflect.NativeMethodAccessorImpl.invoke(NativeMethodAccessorImpl.java:77)
	at java.base@17.0.2/jdk.internal.reflect.DelegatingMethodAccessorImpl.invoke(DelegatingMethodAccessorImpl.java:43)
	at java.base@17.0.2/java.lang.reflect.Method.invoke(Method.java:568)
	at org.gradle.internal.dispatch.ReflectionDispatch.dispatch(ReflectionDispatch.java:36)
	at org.gradle.internal.dispatch.ReflectionDispatch.dispatch(ReflectionDispatch.java:24)
	at org.gradle.internal.dispatch.ContextClassLoaderDispatch.dispatch(ContextClassLoaderDispatch.java:33)
	at org.gradle.internal.dispatch.ProxyDispatchAdapter$DispatchingInvocationHandler.invoke(ProxyDispatchAdapter.java:94)
	at jdk.proxy1/jdk.proxy1.$Proxy2.stop(Unknown Source)
	at org.gradle.api.internal.tasks.testing.worker.TestWorker$3.run(TestWorker.java:193)
	at org.gradle.api.internal.tasks.testing.worker.TestWorker.executeAndMaintainThreadName(TestWorker.java:129)
	at org.gradle.api.internal.tasks.testing.worker.TestWorker.execute(TestWorker.java:100)
	at org.gradle.api.internal.tasks.testing.worker.TestWorker.execute(TestWorker.java:60)
	at org.gradle.process.internal.worker.child.ActionExecutionWorker.execute(ActionExecutionWorker.java:56)
	at org.gradle.process.internal.worker.child.SystemApplicationClassLoaderWorker.call(SystemApplicationClassLoaderWorker.java:113)
	at org.gradle.process.internal.worker.child.SystemApplicationClassLoaderWorker.call(SystemApplicationClassLoaderWorker.java:65)
	at app//worker.org.gradle.process.internal.worker.GradleWorkerMain.run(GradleWorkerMain.java:69)
	at app//worker.org.gradle.process.internal.worker.GradleWorkerMain.main(GradleWorkerMain.java:74)
</failure>
  </testcase>
  <testcase name="findAllByTypeAndTitle()" classname="com.findme.mysteryweb.Repository.PostRepositoryTest" time="0.068"/>
  <testcase name="findAll()" classname="com.findme.mysteryweb.Repository.PostRepositoryTest" time="0.078">
    <failure message="org.opentest4j.AssertionFailedError: &#13;&#10;expected: 2&#13;&#10; but was: 27" type="org.opentest4j.AssertionFailedError">org.opentest4j.AssertionFailedError: 
expected: 2
 but was: 27
	at java.base@17.0.2/jdk.internal.reflect.NativeConstructorAccessorImpl.newInstance0(Native Method)
	at java.base@17.0.2/jdk.internal.reflect.NativeConstructorAccessorImpl.newInstance(NativeConstructorAccessorImpl.java:77)
	at java.base@17.0.2/jdk.internal.reflect.DelegatingConstructorAccessorImpl.newInstance(DelegatingConstructorAccessorImpl.java:45)
	at java.base@17.0.2/java.lang.reflect.Constructor.newInstanceWithCaller(Constructor.java:499)
	at app//com.findme.mysteryweb.Repository.PostRepositoryTest.findAll(PostRepositoryTest.java:68)
	at java.base@17.0.2/jdk.internal.reflect.NativeMethodAccessorImpl.invoke0(Native Method)
	at java.base@17.0.2/jdk.internal.reflect.NativeMethodAccessorImpl.invoke(NativeMethodAccessorImpl.java:77)
	at java.base@17.0.2/jdk.internal.reflect.DelegatingMethodAccessorImpl.invoke(DelegatingMethodAccessorImpl.java:43)
	at java.base@17.0.2/java.lang.reflect.Method.invoke(Method.java:568)
	at app//org.junit.platform.commons.util.ReflectionUtils.invokeMethod(ReflectionUtils.java:727)
	at app//org.junit.jupiter.engine.execution.MethodInvocation.proceed(MethodInvocation.java:60)
	at app//org.junit.jupiter.engine.execution.InvocationInterceptorChain$ValidatingInvocation.proceed(InvocationInterceptorChain.java:131)
	at app//org.junit.jupiter.engine.extension.TimeoutExtension.intercept(TimeoutExtension.java:156)
	at app//org.junit.jupiter.engine.extension.TimeoutExtension.interceptTestableMethod(TimeoutExtension.java:147)
	at app//org.junit.jupiter.engine.extension.TimeoutExtension.interceptTestMethod(TimeoutExtension.java:86)
	at app//org.junit.jupiter.engine.execution.InterceptingExecutableInvoker$ReflectiveInterceptorCall.lambda$ofVoidMethod$0(InterceptingExecutableInvoker.java:103)
	at app//org.junit.jupiter.engine.execution.InterceptingExecutableInvoker.lambda$invoke$0(InterceptingExecutableInvoker.java:93)
	at app//org.junit.jupiter.engine.execution.InvocationInterceptorChain$InterceptedInvocation.proceed(InvocationInterceptorChain.java:106)
	at app//org.junit.jupiter.engine.execution.InvocationInterceptorChain.proceed(InvocationInterceptorChain.java:64)
	at app//org.junit.jupiter.engine.execution.InvocationInterceptorChain.chainAndInvoke(InvocationInterceptorChain.java:45)
	at app//org.junit.jupiter.engine.execution.InvocationInterceptorChain.invoke(InvocationInterceptorChain.java:37)
	at app//org.junit.jupiter.engine.execution.InterceptingExecutableInvoker.invoke(InterceptingExecutableInvoker.java:92)
	at app//org.junit.jupiter.engine.execution.InterceptingExecutableInvoker.invoke(InterceptingExecutableInvoker.java:86)
	at app//org.junit.jupiter.engine.descriptor.TestMethodTestDescriptor.lambda$invokeTestMethod$7(TestMethodTestDescriptor.java:217)
	at app//org.junit.platform.engine.support.hierarchical.ThrowableCollector.execute(ThrowableCollector.java:73)
	at app//org.junit.jupiter.engine.descriptor.TestMethodTestDescriptor.invokeTestMethod(TestMethodTestDescriptor.java:213)
	at app//org.junit.jupiter.engine.descriptor.TestMethodTestDescriptor.execute(TestMethodTestDescriptor.java:138)
	at app//org.junit.jupiter.engine.descriptor.TestMethodTestDescriptor.execute(TestMethodTestDescriptor.java:68)
	at app//org.junit.platform.engine.support.hierarchical.NodeTestTask.lambda$executeRecursively$6(NodeTestTask.java:151)
	at app//org.junit.platform.engine.support.hierarchical.ThrowableCollector.execute(ThrowableCollector.java:73)
	at app//org.junit.platform.engine.support.hierarchical.NodeTestTask.lambda$executeRecursively$8(NodeTestTask.java:141)
	at app//org.junit.platform.engine.support.hierarchical.Node.around(Node.java:137)
	at app//org.junit.platform.engine.support.hierarchical.NodeTestTask.lambda$executeRecursively$9(NodeTestTask.java:139)
	at app//org.junit.platform.engine.support.hierarchical.ThrowableCollector.execute(ThrowableCollector.java:73)
	at app//org.junit.platform.engine.support.hierarchical.NodeTestTask.executeRecursively(NodeTestTask.java:138)
	at app//org.junit.platform.engine.support.hierarchical.NodeTestTask.execute(NodeTestTask.java:95)
	at java.base@17.0.2/java.util.ArrayList.forEach(ArrayList.java:1511)
	at app//org.junit.platform.engine.support.hierarchical.SameThreadHierarchicalTestExecutorService.invokeAll(SameThreadHierarchicalTestExecutorService.java:41)
	at app//org.junit.platform.engine.support.hierarchical.NodeTestTask.lambda$executeRecursively$6(NodeTestTask.java:155)
	at app//org.junit.platform.engine.support.hierarchical.ThrowableCollector.execute(ThrowableCollector.java:73)
	at app//org.junit.platform.engine.support.hierarchical.NodeTestTask.lambda$executeRecursively$8(NodeTestTask.java:141)
	at app//org.junit.platform.engine.support.hierarchical.Node.around(Node.java:137)
	at app//org.junit.platform.engine.support.hierarchical.NodeTestTask.lambda$executeRecursively$9(NodeTestTask.java:139)
	at app//org.junit.platform.engine.support.hierarchical.ThrowableCollector.execute(ThrowableCollector.java:73)
	at app//org.junit.platform.engine.support.hierarchical.NodeTestTask.executeRecursively(NodeTestTask.java:138)
	at app//org.junit.platform.engine.support.hierarchical.NodeTestTask.execute(NodeTestTask.java:95)
	at java.base@17.0.2/java.util.ArrayList.forEach(ArrayList.java:1511)
	at app//org.junit.platform.engine.support.hierarchical.SameThreadHierarchicalTestExecutorService.invokeAll(SameThreadHierarchicalTestExecutorService.java:41)
	at app//org.junit.platform.engine.support.hierarchical.NodeTestTask.lambda$executeRecursively$6(NodeTestTask.java:155)
	at app//org.junit.platform.engine.support.hierarchical.ThrowableCollector.execute(ThrowableCollector.java:73)
	at app//org.junit.platform.engine.support.hierarchical.NodeTestTask.lambda$executeRecursively$8(NodeTestTask.java:141)
	at app//org.junit.platform.engine.support.hierarchical.Node.around(Node.java:137)
	at app//org.junit.platform.engine.support.hierarchical.NodeTestTask.lambda$executeRecursively$9(NodeTestTask.java:139)
	at app//org.junit.platform.engine.support.hierarchical.ThrowableCollector.execute(ThrowableCollector.java:73)
	at app//org.junit.platform.engine.support.hierarchical.NodeTestTask.executeRecursively(NodeTestTask.java:138)
	at app//org.junit.platform.engine.support.hierarchical.NodeTestTask.execute(NodeTestTask.java:95)
	at app//org.junit.platform.engine.support.hierarchical.SameThreadHierarchicalTestExecutorService.submit(SameThreadHierarchicalTestExecutorService.java:35)
	at app//org.junit.platform.engine.support.hierarchical.HierarchicalTestExecutor.execute(HierarchicalTestExecutor.java:57)
	at app//org.junit.platform.engine.support.hierarchical.HierarchicalTestEngine.execute(HierarchicalTestEngine.java:54)
	at app//org.junit.platform.launcher.core.EngineExecutionOrchestrator.execute(EngineExecutionOrchestrator.java:107)
	at app//org.junit.platform.launcher.core.EngineExecutionOrchestrator.execute(EngineExecutionOrchestrator.java:88)
	at app//org.junit.platform.launcher.core.EngineExecutionOrchestrator.lambda$execute$0(EngineExecutionOrchestrator.java:54)
	at app//org.junit.platform.launcher.core.EngineExecutionOrchestrator.withInterceptedStreams(EngineExecutionOrchestrator.java:67)
	at app//org.junit.platform.launcher.core.EngineExecutionOrchestrator.execute(EngineExecutionOrchestrator.java:52)
	at app//org.junit.platform.launcher.core.DefaultLauncher.execute(DefaultLauncher.java:114)
	at app//org.junit.platform.launcher.core.DefaultLauncher.execute(DefaultLauncher.java:86)
	at app//org.junit.platform.launcher.core.DefaultLauncherSession$DelegatingLauncher.execute(DefaultLauncherSession.java:86)
	at org.gradle.api.internal.tasks.testing.junitplatform.JUnitPlatformTestClassProcessor$CollectAllTestClassesExecutor.processAllTestClasses(JUnitPlatformTestClassProcessor.java:110)
	at org.gradle.api.internal.tasks.testing.junitplatform.JUnitPlatformTestClassProcessor$CollectAllTestClassesExecutor.access$000(JUnitPlatformTestClassProcessor.java:90)
	at org.gradle.api.internal.tasks.testing.junitplatform.JUnitPlatformTestClassProcessor.stop(JUnitPlatformTestClassProcessor.java:85)
	at org.gradle.api.internal.tasks.testing.SuiteTestClassProcessor.stop(SuiteTestClassProcessor.java:62)
	at java.base@17.0.2/jdk.internal.reflect.NativeMethodAccessorImpl.invoke0(Native Method)
	at java.base@17.0.2/jdk.internal.reflect.NativeMethodAccessorImpl.invoke(NativeMethodAccessorImpl.java:77)
	at java.base@17.0.2/jdk.internal.reflect.DelegatingMethodAccessorImpl.invoke(DelegatingMethodAccessorImpl.java:43)
	at java.base@17.0.2/java.lang.reflect.Method.invoke(Method.java:568)
	at org.gradle.internal.dispatch.ReflectionDispatch.dispatch(ReflectionDispatch.java:36)
	at org.gradle.internal.dispatch.ReflectionDispatch.dispatch(ReflectionDispatch.java:24)
	at org.gradle.internal.dispatch.ContextClassLoaderDispatch.dispatch(ContextClassLoaderDispatch.java:33)
	at org.gradle.internal.dispatch.ProxyDispatchAdapter$DispatchingInvocationHandler.invoke(ProxyDispatchAdapter.java:94)
	at jdk.proxy1/jdk.proxy1.$Proxy2.stop(Unknown Source)
	at org.gradle.api.internal.tasks.testing.worker.TestWorker$3.run(TestWorker.java:193)
	at org.gradle.api.internal.tasks.testing.worker.TestWorker.executeAndMaintainThreadName(TestWorker.java:129)
	at org.gradle.api.internal.tasks.testing.worker.TestWorker.execute(TestWorker.java:100)
	at org.gradle.api.internal.tasks.testing.worker.TestWorker.execute(TestWorker.java:60)
	at org.gradle.process.internal.worker.child.ActionExecutionWorker.execute(ActionExecutionWorker.java:56)
	at org.gradle.process.internal.worker.child.SystemApplicationClassLoaderWorker.call(SystemApplicationClassLoaderWorker.java:113)
	at org.gradle.process.internal.worker.child.SystemApplicationClassLoaderWorker.call(SystemApplicationClassLoaderWorker.java:65)
	at app//worker.org.gradle.process.internal.worker.GradleWorkerMain.run(GradleWorkerMain.java:69)
	at app//worker.org.gradle.process.internal.worker.GradleWorkerMain.main(GradleWorkerMain.java:74)
</failure>
  </testcase>
  <testcase name="findOne()" classname="com.findme.mysteryweb.Repository.PostRepositoryTest" time="0.014"/>
  <testcase name="findAllByType()" classname="com.findme.mysteryweb.Repository.PostRepositoryTest" time="0.043"/>
  <testcase name="save()" classname="com.findme.mysteryweb.Repository.PostRepositoryTest" time="0.013"/>
  <testcase name="findAllByTitle()" classname="com.findme.mysteryweb.Repository.PostRepositoryTest" time="0.042"/>
  <system-out><![CDATA[2024-01-29T19:13:44.526+09:00  INFO 142768 --- [    Test worker] t.c.s.AnnotationConfigContextLoaderUtils : Could not detect default configuration classes for test class [com.findme.mysteryweb.Repository.PostRepositoryTest]: PostRepositoryTest does not declare any static, non-private, non-final, nested classes annotated with @Configuration.
2024-01-29T19:13:44.527+09:00  INFO 142768 --- [    Test worker] .b.t.c.SpringBootTestContextBootstrapper : Found @SpringBootConfiguration com.findme.mysteryweb.MysterywebApplication for test class com.findme.mysteryweb.Repository.PostRepositoryTest
Hibernate: 
    insert 
    into
        member
        (authentication_code,activated,authentication_code_expire_time,email,nickname,password,ranking,username,member_id) 
    values
        (?,?,?,?,?,?,?,?,?)
2024-01-29T19:13:44.536+09:00 TRACE 142768 --- [    Test worker] org.hibernate.orm.jdbc.bind              : binding parameter [1] as [VARCHAR] - [null]
2024-01-29T19:13:44.536+09:00 TRACE 142768 --- [    Test worker] org.hibernate.orm.jdbc.bind              : binding parameter [2] as [BOOLEAN] - [false]
2024-01-29T19:13:44.536+09:00 TRACE 142768 --- [    Test worker] org.hibernate.orm.jdbc.bind              : binding parameter [3] as [TIMESTAMP] - [null]
2024-01-29T19:13:44.536+09:00 TRACE 142768 --- [    Test worker] org.hibernate.orm.jdbc.bind              : binding parameter [4] as [VARCHAR] - [null]
2024-01-29T19:13:44.536+09:00 TRACE 142768 --- [    Test worker] org.hibernate.orm.jdbc.bind              : binding parameter [5] as [VARCHAR] - [null]
2024-01-29T19:13:44.536+09:00 TRACE 142768 --- [    Test worker] org.hibernate.orm.jdbc.bind              : binding parameter [6] as [VARCHAR] - [null]
2024-01-29T19:13:44.536+09:00 TRACE 142768 --- [    Test worker] org.hibernate.orm.jdbc.bind              : binding parameter [7] as [INTEGER] - [0]
2024-01-29T19:13:44.536+09:00 TRACE 142768 --- [    Test worker] org.hibernate.orm.jdbc.bind              : binding parameter [8] as [VARCHAR] - [null]
2024-01-29T19:13:44.536+09:00 TRACE 142768 --- [    Test worker] org.hibernate.orm.jdbc.bind              : binding parameter [9] as [BIGINT] - [3368]
Hibernate: 
    insert 
    into
        post
        (answer,content,datetime,explanation,member_id,recommendation_count,title,type,view_count,post_id) 
    values
        (?,?,?,?,?,?,?,?,?,?)
2024-01-29T19:13:44.542+09:00 TRACE 142768 --- [    Test worker] org.hibernate.orm.jdbc.bind              : binding parameter [1] as [VARCHAR] - [test]
2024-01-29T19:13:44.542+09:00 TRACE 142768 --- [    Test worker] org.hibernate.orm.jdbc.bind              : binding parameter [2] as [VARCHAR] - [test]
2024-01-29T19:13:44.542+09:00 TRACE 142768 --- [    Test worker] org.hibernate.orm.jdbc.bind              : binding parameter [3] as [TIMESTAMP] - [2024-01-30T04:13:44.533215]
2024-01-29T19:13:44.542+09:00 TRACE 142768 --- [    Test worker] org.hibernate.orm.jdbc.bind              : binding parameter [4] as [VARCHAR] - [test]
2024-01-29T19:13:44.542+09:00 TRACE 142768 --- [    Test worker] org.hibernate.orm.jdbc.bind              : binding parameter [5] as [BIGINT] - [3368]
2024-01-29T19:13:44.542+09:00 TRACE 142768 --- [    Test worker] org.hibernate.orm.jdbc.bind              : binding parameter [6] as [INTEGER] - [0]
2024-01-29T19:13:44.542+09:00 TRACE 142768 --- [    Test worker] org.hibernate.orm.jdbc.bind              : binding parameter [7] as [VARCHAR] - [test]
2024-01-29T19:13:44.542+09:00 TRACE 142768 --- [    Test worker] org.hibernate.orm.jdbc.bind              : binding parameter [8] as [VARCHAR] - [test]
2024-01-29T19:13:44.542+09:00 TRACE 142768 --- [    Test worker] org.hibernate.orm.jdbc.bind              : binding parameter [9] as [INTEGER] - [0]
2024-01-29T19:13:44.542+09:00 TRACE 142768 --- [    Test worker] org.hibernate.orm.jdbc.bind              : binding parameter [10] as [BIGINT] - [2610]
Hibernate: 
    insert 
    into
        member
        (authentication_code,activated,authentication_code_expire_time,email,nickname,password,ranking,username,member_id) 
    values
        (?,?,?,?,?,?,?,?,?)
2024-01-29T19:13:44.546+09:00 TRACE 142768 --- [    Test worker] org.hibernate.orm.jdbc.bind              : binding parameter [1] as [VARCHAR] - [null]
2024-01-29T19:13:44.546+09:00 TRACE 142768 --- [    Test worker] org.hibernate.orm.jdbc.bind              : binding parameter [2] as [BOOLEAN] - [false]
2024-01-29T19:13:44.546+09:00 TRACE 142768 --- [    Test worker] org.hibernate.orm.jdbc.bind              : binding parameter [3] as [TIMESTAMP] - [null]
2024-01-29T19:13:44.546+09:00 TRACE 142768 --- [    Test worker] org.hibernate.orm.jdbc.bind              : binding parameter [4] as [VARCHAR] - [null]
2024-01-29T19:13:44.546+09:00 TRACE 142768 --- [    Test worker] org.hibernate.orm.jdbc.bind              : binding parameter [5] as [VARCHAR] - [null]
2024-01-29T19:13:44.546+09:00 TRACE 142768 --- [    Test worker] org.hibernate.orm.jdbc.bind              : binding parameter [6] as [VARCHAR] - [null]
2024-01-29T19:13:44.546+09:00 TRACE 142768 --- [    Test worker] org.hibernate.orm.jdbc.bind              : binding parameter [7] as [INTEGER] - [0]
2024-01-29T19:13:44.546+09:00 TRACE 142768 --- [    Test worker] org.hibernate.orm.jdbc.bind              : binding parameter [8] as [VARCHAR] - [null]
2024-01-29T19:13:44.546+09:00 TRACE 142768 --- [    Test worker] org.hibernate.orm.jdbc.bind              : binding parameter [9] as [BIGINT] - [3369]
Hibernate: 
    insert 
    into
        post
        (answer,content,datetime,explanation,member_id,recommendation_count,title,type,view_count,post_id) 
    values
        (?,?,?,?,?,?,?,?,?,?)
2024-01-29T19:13:44.551+09:00 TRACE 142768 --- [    Test worker] org.hibernate.orm.jdbc.bind              : binding parameter [1] as [VARCHAR] - [test]
2024-01-29T19:13:44.551+09:00 TRACE 142768 --- [    Test worker] org.hibernate.orm.jdbc.bind              : binding parameter [2] as [VARCHAR] - [test]
2024-01-29T19:13:44.551+09:00 TRACE 142768 --- [    Test worker] org.hibernate.orm.jdbc.bind              : binding parameter [3] as [TIMESTAMP] - [2024-01-30T04:13:44.533215]
2024-01-29T19:13:44.551+09:00 TRACE 142768 --- [    Test worker] org.hibernate.orm.jdbc.bind              : binding parameter [4] as [VARCHAR] - [test]
2024-01-29T19:13:44.551+09:00 TRACE 142768 --- [    Test worker] org.hibernate.orm.jdbc.bind              : binding parameter [5] as [BIGINT] - [3369]
2024-01-29T19:13:44.551+09:00 TRACE 142768 --- [    Test worker] org.hibernate.orm.jdbc.bind              : binding parameter [6] as [INTEGER] - [0]
2024-01-29T19:13:44.551+09:00 TRACE 142768 --- [    Test worker] org.hibernate.orm.jdbc.bind              : binding parameter [7] as [VARCHAR] - [test]
2024-01-29T19:13:44.551+09:00 TRACE 142768 --- [    Test worker] org.hibernate.orm.jdbc.bind              : binding parameter [8] as [VARCHAR] - [test]
2024-01-29T19:13:44.552+09:00 TRACE 142768 --- [    Test worker] org.hibernate.orm.jdbc.bind              : binding parameter [9] as [INTEGER] - [0]
2024-01-29T19:13:44.552+09:00 TRACE 142768 --- [    Test worker] org.hibernate.orm.jdbc.bind              : binding parameter [10] as [BIGINT] - [2611]
Hibernate: 
    delete 
    from
        post 
    where
        post_id=?
2024-01-29T19:13:44.559+09:00 TRACE 142768 --- [    Test worker] org.hibernate.orm.jdbc.bind              : binding parameter [1] as [BIGINT] - [2610]
Hibernate: 
    select
        p1_0.post_id,
        p1_0.answer,
        p1_0.content,
        p1_0.datetime,
        p1_0.explanation,
        p1_0.member_id,
        p1_0.recommendation_count,
        p1_0.title,
        p1_0.type,
        p1_0.view_count 
    from
        post p1_0
Hibernate: 
    select
        m1_0.member_id,
        m1_0.authentication_code,
        m1_0.activated,
        m1_0.authentication_code_expire_time,
        m1_0.email,
        m1_0.nickname,
        m1_0.password,
        m1_0.ranking,
        m1_0.username 
    from
        member m1_0 
    where
        m1_0.member_id=?
2024-01-29T19:13:44.581+09:00 TRACE 142768 --- [    Test worker] org.hibernate.orm.jdbc.bind              : binding parameter [1] as [BIGINT] - [1]
Hibernate: 
    select
        m1_0.member_id,
        m1_0.authentication_code,
        m1_0.activated,
        m1_0.authentication_code_expire_time,
        m1_0.email,
        m1_0.nickname,
        m1_0.password,
        m1_0.ranking,
        m1_0.username 
    from
        member m1_0 
    where
        m1_0.member_id=?
2024-01-29T19:13:44.586+09:00 TRACE 142768 --- [    Test worker] org.hibernate.orm.jdbc.bind              : binding parameter [1] as [BIGINT] - [2002]
Hibernate: 
    select
        m1_0.member_id,
        m1_0.authentication_code,
        m1_0.activated,
        m1_0.authentication_code_expire_time,
        m1_0.email,
        m1_0.nickname,
        m1_0.password,
        m1_0.ranking,
        m1_0.username 
    from
        member m1_0 
    where
        m1_0.member_id=?
2024-01-29T19:13:44.593+09:00 TRACE 142768 --- [    Test worker] org.hibernate.orm.jdbc.bind              : binding parameter [1] as [BIGINT] - [2152]
Hibernate: 
    select
        m1_0.member_id,
        m1_0.authentication_code,
        m1_0.activated,
        m1_0.authentication_code_expire_time,
        m1_0.email,
        m1_0.nickname,
        m1_0.password,
        m1_0.ranking,
        m1_0.username 
    from
        member m1_0 
    where
        m1_0.member_id=?
2024-01-29T19:13:44.599+09:00 TRACE 142768 --- [    Test worker] org.hibernate.orm.jdbc.bind              : binding parameter [1] as [BIGINT] - [2402]
Hibernate: 
    insert 
    into
        member
        (authentication_code,activated,authentication_code_expire_time,email,nickname,password,ranking,username,member_id) 
    values
        (?,?,?,?,?,?,?,?,?)
2024-01-29T19:13:44.646+09:00 TRACE 142768 --- [    Test worker] org.hibernate.orm.jdbc.bind              : binding parameter [1] as [VARCHAR] - [null]
2024-01-29T19:13:44.646+09:00 TRACE 142768 --- [    Test worker] org.hibernate.orm.jdbc.bind              : binding parameter [2] as [BOOLEAN] - [false]
2024-01-29T19:13:44.646+09:00 TRACE 142768 --- [    Test worker] org.hibernate.orm.jdbc.bind              : binding parameter [3] as [TIMESTAMP] - [null]
2024-01-29T19:13:44.646+09:00 TRACE 142768 --- [    Test worker] org.hibernate.orm.jdbc.bind              : binding parameter [4] as [VARCHAR] - [null]
2024-01-29T19:13:44.646+09:00 TRACE 142768 --- [    Test worker] org.hibernate.orm.jdbc.bind              : binding parameter [5] as [VARCHAR] - [null]
2024-01-29T19:13:44.646+09:00 TRACE 142768 --- [    Test worker] org.hibernate.orm.jdbc.bind              : binding parameter [6] as [VARCHAR] - [null]
2024-01-29T19:13:44.646+09:00 TRACE 142768 --- [    Test worker] org.hibernate.orm.jdbc.bind              : binding parameter [7] as [INTEGER] - [0]
2024-01-29T19:13:44.646+09:00 TRACE 142768 --- [    Test worker] org.hibernate.orm.jdbc.bind              : binding parameter [8] as [VARCHAR] - [null]
2024-01-29T19:13:44.646+09:00 TRACE 142768 --- [    Test worker] org.hibernate.orm.jdbc.bind              : binding parameter [9] as [BIGINT] - [3370]
Hibernate: 
    insert 
    into
        post
        (answer,content,datetime,explanation,member_id,recommendation_count,title,type,view_count,post_id) 
    values
        (?,?,?,?,?,?,?,?,?,?)
2024-01-29T19:13:44.654+09:00 TRACE 142768 --- [    Test worker] org.hibernate.orm.jdbc.bind              : binding parameter [1] as [VARCHAR] - [test]
2024-01-29T19:13:44.654+09:00 TRACE 142768 --- [    Test worker] org.hibernate.orm.jdbc.bind              : binding parameter [2] as [VARCHAR] - [test1]
2024-01-29T19:13:44.654+09:00 TRACE 142768 --- [    Test worker] org.hibernate.orm.jdbc.bind              : binding parameter [3] as [TIMESTAMP] - [2024-01-30T04:13:44.623056400]
2024-01-29T19:13:44.654+09:00 TRACE 142768 --- [    Test worker] org.hibernate.orm.jdbc.bind              : binding parameter [4] as [VARCHAR] - [test]
2024-01-29T19:13:44.654+09:00 TRACE 142768 --- [    Test worker] org.hibernate.orm.jdbc.bind              : binding parameter [5] as [BIGINT] - [3370]
2024-01-29T19:13:44.654+09:00 TRACE 142768 --- [    Test worker] org.hibernate.orm.jdbc.bind              : binding parameter [6] as [INTEGER] - [0]
2024-01-29T19:13:44.654+09:00 TRACE 142768 --- [    Test worker] org.hibernate.orm.jdbc.bind              : binding parameter [7] as [VARCHAR] - [test1]
2024-01-29T19:13:44.654+09:00 TRACE 142768 --- [    Test worker] org.hibernate.orm.jdbc.bind              : binding parameter [8] as [VARCHAR] - [test1]
2024-01-29T19:13:44.654+09:00 TRACE 142768 --- [    Test worker] org.hibernate.orm.jdbc.bind              : binding parameter [9] as [INTEGER] - [0]
2024-01-29T19:13:44.654+09:00 TRACE 142768 --- [    Test worker] org.hibernate.orm.jdbc.bind              : binding parameter [10] as [BIGINT] - [2612]
Hibernate: 
    insert 
    into
        member
        (authentication_code,activated,authentication_code_expire_time,email,nickname,password,ranking,username,member_id) 
    values
        (?,?,?,?,?,?,?,?,?)
2024-01-29T19:13:44.659+09:00 TRACE 142768 --- [    Test worker] org.hibernate.orm.jdbc.bind              : binding parameter [1] as [VARCHAR] - [null]
2024-01-29T19:13:44.659+09:00 TRACE 142768 --- [    Test worker] org.hibernate.orm.jdbc.bind              : binding parameter [2] as [BOOLEAN] - [false]
2024-01-29T19:13:44.659+09:00 TRACE 142768 --- [    Test worker] org.hibernate.orm.jdbc.bind              : binding parameter [3] as [TIMESTAMP] - [null]
2024-01-29T19:13:44.659+09:00 TRACE 142768 --- [    Test worker] org.hibernate.orm.jdbc.bind              : binding parameter [4] as [VARCHAR] - [null]
2024-01-29T19:13:44.659+09:00 TRACE 142768 --- [    Test worker] org.hibernate.orm.jdbc.bind              : binding parameter [5] as [VARCHAR] - [null]
2024-01-29T19:13:44.659+09:00 TRACE 142768 --- [    Test worker] org.hibernate.orm.jdbc.bind              : binding parameter [6] as [VARCHAR] - [null]
2024-01-29T19:13:44.659+09:00 TRACE 142768 --- [    Test worker] org.hibernate.orm.jdbc.bind              : binding parameter [7] as [INTEGER] - [0]
2024-01-29T19:13:44.659+09:00 TRACE 142768 --- [    Test worker] org.hibernate.orm.jdbc.bind              : binding parameter [8] as [VARCHAR] - [null]
2024-01-29T19:13:44.659+09:00 TRACE 142768 --- [    Test worker] org.hibernate.orm.jdbc.bind              : binding parameter [9] as [BIGINT] - [3371]
Hibernate: 
    insert 
    into
        post
        (answer,content,datetime,explanation,member_id,recommendation_count,title,type,view_count,post_id) 
    values
        (?,?,?,?,?,?,?,?,?,?)
2024-01-29T19:13:44.664+09:00 TRACE 142768 --- [    Test worker] org.hibernate.orm.jdbc.bind              : binding parameter [1] as [VARCHAR] - [test]
2024-01-29T19:13:44.664+09:00 TRACE 142768 --- [    Test worker] org.hibernate.orm.jdbc.bind              : binding parameter [2] as [VARCHAR] - [test2]
2024-01-29T19:13:44.664+09:00 TRACE 142768 --- [    Test worker] org.hibernate.orm.jdbc.bind              : binding parameter [3] as [TIMESTAMP] - [2024-01-30T04:13:44.623056400]
2024-01-29T19:13:44.664+09:00 TRACE 142768 --- [    Test worker] org.hibernate.orm.jdbc.bind              : binding parameter [4] as [VARCHAR] - [test]
2024-01-29T19:13:44.664+09:00 TRACE 142768 --- [    Test worker] org.hibernate.orm.jdbc.bind              : binding parameter [5] as [BIGINT] - [3371]
2024-01-29T19:13:44.664+09:00 TRACE 142768 --- [    Test worker] org.hibernate.orm.jdbc.bind              : binding parameter [6] as [INTEGER] - [0]
2024-01-29T19:13:44.664+09:00 TRACE 142768 --- [    Test worker] org.hibernate.orm.jdbc.bind              : binding parameter [7] as [VARCHAR] - [test1]
2024-01-29T19:13:44.664+09:00 TRACE 142768 --- [    Test worker] org.hibernate.orm.jdbc.bind              : binding parameter [8] as [VARCHAR] - [test2]
2024-01-29T19:13:44.664+09:00 TRACE 142768 --- [    Test worker] org.hibernate.orm.jdbc.bind              : binding parameter [9] as [INTEGER] - [0]
2024-01-29T19:13:44.664+09:00 TRACE 142768 --- [    Test worker] org.hibernate.orm.jdbc.bind              : binding parameter [10] as [BIGINT] - [2613]
Hibernate: 
    select
        p1_0.post_id,
        p1_0.answer,
        p1_0.content,
        p1_0.datetime,
        p1_0.explanation,
        p1_0.member_id,
        p1_0.recommendation_count,
        p1_0.title,
        p1_0.type,
        p1_0.view_count 
    from
        post p1_0 
    where
        p1_0.title like replace(?,'\\','\\\\') 
        and p1_0.type like replace(?,'\\','\\\\') 
    order by
        p1_0.datetime desc
2024-01-29T19:13:44.668+09:00 TRACE 142768 --- [    Test worker] org.hibernate.orm.jdbc.bind              : binding parameter [1] as [VARCHAR] - [%test1%]
2024-01-29T19:13:44.668+09:00 TRACE 142768 --- [    Test worker] org.hibernate.orm.jdbc.bind              : binding parameter [2] as [VARCHAR] - [test1]
Hibernate: 
    insert 
    into
        member
        (authentication_code,activated,authentication_code_expire_time,email,nickname,password,ranking,username,member_id) 
    values
        (?,?,?,?,?,?,?,?,?)
2024-01-29T19:13:44.692+09:00 TRACE 142768 --- [    Test worker] org.hibernate.orm.jdbc.bind              : binding parameter [1] as [VARCHAR] - [null]
2024-01-29T19:13:44.693+09:00 TRACE 142768 --- [    Test worker] org.hibernate.orm.jdbc.bind              : binding parameter [2] as [BOOLEAN] - [false]
2024-01-29T19:13:44.693+09:00 TRACE 142768 --- [    Test worker] org.hibernate.orm.jdbc.bind              : binding parameter [3] as [TIMESTAMP] - [null]
2024-01-29T19:13:44.693+09:00 TRACE 142768 --- [    Test worker] org.hibernate.orm.jdbc.bind              : binding parameter [4] as [VARCHAR] - [null]
2024-01-29T19:13:44.693+09:00 TRACE 142768 --- [    Test worker] org.hibernate.orm.jdbc.bind              : binding parameter [5] as [VARCHAR] - [null]
2024-01-29T19:13:44.693+09:00 TRACE 142768 --- [    Test worker] org.hibernate.orm.jdbc.bind              : binding parameter [6] as [VARCHAR] - [null]
2024-01-29T19:13:44.693+09:00 TRACE 142768 --- [    Test worker] org.hibernate.orm.jdbc.bind              : binding parameter [7] as [INTEGER] - [0]
2024-01-29T19:13:44.693+09:00 TRACE 142768 --- [    Test worker] org.hibernate.orm.jdbc.bind              : binding parameter [8] as [VARCHAR] - [null]
2024-01-29T19:13:44.693+09:00 TRACE 142768 --- [    Test worker] org.hibernate.orm.jdbc.bind              : binding parameter [9] as [BIGINT] - [3372]
Hibernate: 
    insert 
    into
        post
        (answer,content,datetime,explanation,member_id,recommendation_count,title,type,view_count,post_id) 
    values
        (?,?,?,?,?,?,?,?,?,?)
2024-01-29T19:13:44.698+09:00 TRACE 142768 --- [    Test worker] org.hibernate.orm.jdbc.bind              : binding parameter [1] as [VARCHAR] - [test]
2024-01-29T19:13:44.698+09:00 TRACE 142768 --- [    Test worker] org.hibernate.orm.jdbc.bind              : binding parameter [2] as [VARCHAR] - [test]
2024-01-29T19:13:44.698+09:00 TRACE 142768 --- [    Test worker] org.hibernate.orm.jdbc.bind              : binding parameter [3] as [TIMESTAMP] - [2024-01-30T04:13:44.690435900]
2024-01-29T19:13:44.698+09:00 TRACE 142768 --- [    Test worker] org.hibernate.orm.jdbc.bind              : binding parameter [4] as [VARCHAR] - [test]
2024-01-29T19:13:44.698+09:00 TRACE 142768 --- [    Test worker] org.hibernate.orm.jdbc.bind              : binding parameter [5] as [BIGINT] - [3372]
2024-01-29T19:13:44.698+09:00 TRACE 142768 --- [    Test worker] org.hibernate.orm.jdbc.bind              : binding parameter [6] as [INTEGER] - [0]
2024-01-29T19:13:44.698+09:00 TRACE 142768 --- [    Test worker] org.hibernate.orm.jdbc.bind              : binding parameter [7] as [VARCHAR] - [test]
2024-01-29T19:13:44.698+09:00 TRACE 142768 --- [    Test worker] org.hibernate.orm.jdbc.bind              : binding parameter [8] as [VARCHAR] - [test]
2024-01-29T19:13:44.698+09:00 TRACE 142768 --- [    Test worker] org.hibernate.orm.jdbc.bind              : binding parameter [9] as [INTEGER] - [0]
2024-01-29T19:13:44.698+09:00 TRACE 142768 --- [    Test worker] org.hibernate.orm.jdbc.bind              : binding parameter [10] as [BIGINT] - [2614]
Hibernate: 
    insert 
    into
        member
        (authentication_code,activated,authentication_code_expire_time,email,nickname,password,ranking,username,member_id) 
    values
        (?,?,?,?,?,?,?,?,?)
2024-01-29T19:13:44.703+09:00 TRACE 142768 --- [    Test worker] org.hibernate.orm.jdbc.bind              : binding parameter [1] as [VARCHAR] - [null]
2024-01-29T19:13:44.703+09:00 TRACE 142768 --- [    Test worker] org.hibernate.orm.jdbc.bind              : binding parameter [2] as [BOOLEAN] - [false]
2024-01-29T19:13:44.703+09:00 TRACE 142768 --- [    Test worker] org.hibernate.orm.jdbc.bind              : binding parameter [3] as [TIMESTAMP] - [null]
2024-01-29T19:13:44.703+09:00 TRACE 142768 --- [    Test worker] org.hibernate.orm.jdbc.bind              : binding parameter [4] as [VARCHAR] - [null]
2024-01-29T19:13:44.703+09:00 TRACE 142768 --- [    Test worker] org.hibernate.orm.jdbc.bind              : binding parameter [5] as [VARCHAR] - [null]
2024-01-29T19:13:44.703+09:00 TRACE 142768 --- [    Test worker] org.hibernate.orm.jdbc.bind              : binding parameter [6] as [VARCHAR] - [null]
2024-01-29T19:13:44.703+09:00 TRACE 142768 --- [    Test worker] org.hibernate.orm.jdbc.bind              : binding parameter [7] as [INTEGER] - [0]
2024-01-29T19:13:44.703+09:00 TRACE 142768 --- [    Test worker] org.hibernate.orm.jdbc.bind              : binding parameter [8] as [VARCHAR] - [null]
2024-01-29T19:13:44.703+09:00 TRACE 142768 --- [    Test worker] org.hibernate.orm.jdbc.bind              : binding parameter [9] as [BIGINT] - [3373]
Hibernate: 
    insert 
    into
        post
        (answer,content,datetime,explanation,member_id,recommendation_count,title,type,view_count,post_id) 
    values
        (?,?,?,?,?,?,?,?,?,?)
2024-01-29T19:13:44.707+09:00 TRACE 142768 --- [    Test worker] org.hibernate.orm.jdbc.bind              : binding parameter [1] as [VARCHAR] - [test]
2024-01-29T19:13:44.708+09:00 TRACE 142768 --- [    Test worker] org.hibernate.orm.jdbc.bind              : binding parameter [2] as [VARCHAR] - [test]
2024-01-29T19:13:44.708+09:00 TRACE 142768 --- [    Test worker] org.hibernate.orm.jdbc.bind              : binding parameter [3] as [TIMESTAMP] - [2024-01-30T04:13:44.690435900]
2024-01-29T19:13:44.708+09:00 TRACE 142768 --- [    Test worker] org.hibernate.orm.jdbc.bind              : binding parameter [4] as [VARCHAR] - [test]
2024-01-29T19:13:44.708+09:00 TRACE 142768 --- [    Test worker] org.hibernate.orm.jdbc.bind              : binding parameter [5] as [BIGINT] - [3373]
2024-01-29T19:13:44.708+09:00 TRACE 142768 --- [    Test worker] org.hibernate.orm.jdbc.bind              : binding parameter [6] as [INTEGER] - [0]
2024-01-29T19:13:44.708+09:00 TRACE 142768 --- [    Test worker] org.hibernate.orm.jdbc.bind              : binding parameter [7] as [VARCHAR] - [test]
2024-01-29T19:13:44.708+09:00 TRACE 142768 --- [    Test worker] org.hibernate.orm.jdbc.bind              : binding parameter [8] as [VARCHAR] - [test]
2024-01-29T19:13:44.708+09:00 TRACE 142768 --- [    Test worker] org.hibernate.orm.jdbc.bind              : binding parameter [9] as [INTEGER] - [0]
2024-01-29T19:13:44.708+09:00 TRACE 142768 --- [    Test worker] org.hibernate.orm.jdbc.bind              : binding parameter [10] as [BIGINT] - [2615]
Hibernate: 
    select
        p1_0.post_id,
        p1_0.answer,
        p1_0.content,
        p1_0.datetime,
        p1_0.explanation,
        p1_0.member_id,
        p1_0.recommendation_count,
        p1_0.title,
        p1_0.type,
        p1_0.view_count 
    from
        post p1_0
Hibernate: 
    select
        m1_0.member_id,
        m1_0.authentication_code,
        m1_0.activated,
        m1_0.authentication_code_expire_time,
        m1_0.email,
        m1_0.nickname,
        m1_0.password,
        m1_0.ranking,
        m1_0.username 
    from
        member m1_0 
    where
        m1_0.member_id=?
2024-01-29T19:13:44.729+09:00 TRACE 142768 --- [    Test worker] org.hibernate.orm.jdbc.bind              : binding parameter [1] as [BIGINT] - [1]
Hibernate: 
    select
        m1_0.member_id,
        m1_0.authentication_code,
        m1_0.activated,
        m1_0.authentication_code_expire_time,
        m1_0.email,
        m1_0.nickname,
        m1_0.password,
        m1_0.ranking,
        m1_0.username 
    from
        member m1_0 
    where
        m1_0.member_id=?
2024-01-29T19:13:44.735+09:00 TRACE 142768 --- [    Test worker] org.hibernate.orm.jdbc.bind              : binding parameter [1] as [BIGINT] - [2002]
Hibernate: 
    select
        m1_0.member_id,
        m1_0.authentication_code,
        m1_0.activated,
        m1_0.authentication_code_expire_time,
        m1_0.email,
        m1_0.nickname,
        m1_0.password,
        m1_0.ranking,
        m1_0.username 
    from
        member m1_0 
    where
        m1_0.member_id=?
2024-01-29T19:13:44.741+09:00 TRACE 142768 --- [    Test worker] org.hibernate.orm.jdbc.bind              : binding parameter [1] as [BIGINT] - [2152]
Hibernate: 
    select
        m1_0.member_id,
        m1_0.authentication_code,
        m1_0.activated,
        m1_0.authentication_code_expire_time,
        m1_0.email,
        m1_0.nickname,
        m1_0.password,
        m1_0.ranking,
        m1_0.username 
    from
        member m1_0 
    where
        m1_0.member_id=?
2024-01-29T19:13:44.746+09:00 TRACE 142768 --- [    Test worker] org.hibernate.orm.jdbc.bind              : binding parameter [1] as [BIGINT] - [2402]
Hibernate: 
    insert 
    into
        member
        (authentication_code,activated,authentication_code_expire_time,email,nickname,password,ranking,username,member_id) 
    values
        (?,?,?,?,?,?,?,?,?)
2024-01-29T19:13:44.791+09:00 TRACE 142768 --- [    Test worker] org.hibernate.orm.jdbc.bind              : binding parameter [1] as [VARCHAR] - [null]
2024-01-29T19:13:44.791+09:00 TRACE 142768 --- [    Test worker] org.hibernate.orm.jdbc.bind              : binding parameter [2] as [BOOLEAN] - [false]
2024-01-29T19:13:44.791+09:00 TRACE 142768 --- [    Test worker] org.hibernate.orm.jdbc.bind              : binding parameter [3] as [TIMESTAMP] - [null]
2024-01-29T19:13:44.791+09:00 TRACE 142768 --- [    Test worker] org.hibernate.orm.jdbc.bind              : binding parameter [4] as [VARCHAR] - [null]
2024-01-29T19:13:44.791+09:00 TRACE 142768 --- [    Test worker] org.hibernate.orm.jdbc.bind              : binding parameter [5] as [VARCHAR] - [null]
2024-01-29T19:13:44.791+09:00 TRACE 142768 --- [    Test worker] org.hibernate.orm.jdbc.bind              : binding parameter [6] as [VARCHAR] - [null]
2024-01-29T19:13:44.791+09:00 TRACE 142768 --- [    Test worker] org.hibernate.orm.jdbc.bind              : binding parameter [7] as [INTEGER] - [0]
2024-01-29T19:13:44.791+09:00 TRACE 142768 --- [    Test worker] org.hibernate.orm.jdbc.bind              : binding parameter [8] as [VARCHAR] - [null]
2024-01-29T19:13:44.791+09:00 TRACE 142768 --- [    Test worker] org.hibernate.orm.jdbc.bind              : binding parameter [9] as [BIGINT] - [3375]
Hibernate: 
    insert 
    into
        post
        (answer,content,datetime,explanation,member_id,recommendation_count,title,type,view_count,post_id) 
    values
        (?,?,?,?,?,?,?,?,?,?)
2024-01-29T19:13:44.795+09:00 TRACE 142768 --- [    Test worker] org.hibernate.orm.jdbc.bind              : binding parameter [1] as [VARCHAR] - [test]
2024-01-29T19:13:44.795+09:00 TRACE 142768 --- [    Test worker] org.hibernate.orm.jdbc.bind              : binding parameter [2] as [VARCHAR] - [test1]
2024-01-29T19:13:44.795+09:00 TRACE 142768 --- [    Test worker] org.hibernate.orm.jdbc.bind              : binding parameter [3] as [TIMESTAMP] - [2024-01-30T04:13:44.788082600]
2024-01-29T19:13:44.795+09:00 TRACE 142768 --- [    Test worker] org.hibernate.orm.jdbc.bind              : binding parameter [4] as [VARCHAR] - [test]
2024-01-29T19:13:44.795+09:00 TRACE 142768 --- [    Test worker] org.hibernate.orm.jdbc.bind              : binding parameter [5] as [BIGINT] - [3375]
2024-01-29T19:13:44.795+09:00 TRACE 142768 --- [    Test worker] org.hibernate.orm.jdbc.bind              : binding parameter [6] as [INTEGER] - [0]
2024-01-29T19:13:44.795+09:00 TRACE 142768 --- [    Test worker] org.hibernate.orm.jdbc.bind              : binding parameter [7] as [VARCHAR] - [test1]
2024-01-29T19:13:44.795+09:00 TRACE 142768 --- [    Test worker] org.hibernate.orm.jdbc.bind              : binding parameter [8] as [VARCHAR] - [test1]
2024-01-29T19:13:44.795+09:00 TRACE 142768 --- [    Test worker] org.hibernate.orm.jdbc.bind              : binding parameter [9] as [INTEGER] - [0]
2024-01-29T19:13:44.795+09:00 TRACE 142768 --- [    Test worker] org.hibernate.orm.jdbc.bind              : binding parameter [10] as [BIGINT] - [2617]
Hibernate: 
    insert 
    into
        member
        (authentication_code,activated,authentication_code_expire_time,email,nickname,password,ranking,username,member_id) 
    values
        (?,?,?,?,?,?,?,?,?)
2024-01-29T19:13:44.800+09:00 TRACE 142768 --- [    Test worker] org.hibernate.orm.jdbc.bind              : binding parameter [1] as [VARCHAR] - [null]
2024-01-29T19:13:44.800+09:00 TRACE 142768 --- [    Test worker] org.hibernate.orm.jdbc.bind              : binding parameter [2] as [BOOLEAN] - [false]
2024-01-29T19:13:44.800+09:00 TRACE 142768 --- [    Test worker] org.hibernate.orm.jdbc.bind              : binding parameter [3] as [TIMESTAMP] - [null]
2024-01-29T19:13:44.800+09:00 TRACE 142768 --- [    Test worker] org.hibernate.orm.jdbc.bind              : binding parameter [4] as [VARCHAR] - [null]
2024-01-29T19:13:44.800+09:00 TRACE 142768 --- [    Test worker] org.hibernate.orm.jdbc.bind              : binding parameter [5] as [VARCHAR] - [null]
2024-01-29T19:13:44.800+09:00 TRACE 142768 --- [    Test worker] org.hibernate.orm.jdbc.bind              : binding parameter [6] as [VARCHAR] - [null]
2024-01-29T19:13:44.800+09:00 TRACE 142768 --- [    Test worker] org.hibernate.orm.jdbc.bind              : binding parameter [7] as [INTEGER] - [0]
2024-01-29T19:13:44.800+09:00 TRACE 142768 --- [    Test worker] org.hibernate.orm.jdbc.bind              : binding parameter [8] as [VARCHAR] - [null]
2024-01-29T19:13:44.800+09:00 TRACE 142768 --- [    Test worker] org.hibernate.orm.jdbc.bind              : binding parameter [9] as [BIGINT] - [3376]
Hibernate: 
    insert 
    into
        post
        (answer,content,datetime,explanation,member_id,recommendation_count,title,type,view_count,post_id) 
    values
        (?,?,?,?,?,?,?,?,?,?)
2024-01-29T19:13:44.804+09:00 TRACE 142768 --- [    Test worker] org.hibernate.orm.jdbc.bind              : binding parameter [1] as [VARCHAR] - [test]
2024-01-29T19:13:44.804+09:00 TRACE 142768 --- [    Test worker] org.hibernate.orm.jdbc.bind              : binding parameter [2] as [VARCHAR] - [test2]
2024-01-29T19:13:44.804+09:00 TRACE 142768 --- [    Test worker] org.hibernate.orm.jdbc.bind              : binding parameter [3] as [TIMESTAMP] - [2024-01-30T04:13:44.788082600]
2024-01-29T19:13:44.804+09:00 TRACE 142768 --- [    Test worker] org.hibernate.orm.jdbc.bind              : binding parameter [4] as [VARCHAR] - [test]
2024-01-29T19:13:44.804+09:00 TRACE 142768 --- [    Test worker] org.hibernate.orm.jdbc.bind              : binding parameter [5] as [BIGINT] - [3376]
2024-01-29T19:13:44.805+09:00 TRACE 142768 --- [    Test worker] org.hibernate.orm.jdbc.bind              : binding parameter [6] as [INTEGER] - [0]
2024-01-29T19:13:44.805+09:00 TRACE 142768 --- [    Test worker] org.hibernate.orm.jdbc.bind              : binding parameter [7] as [VARCHAR] - [test2]
2024-01-29T19:13:44.805+09:00 TRACE 142768 --- [    Test worker] org.hibernate.orm.jdbc.bind              : binding parameter [8] as [VARCHAR] - [test2]
2024-01-29T19:13:44.805+09:00 TRACE 142768 --- [    Test worker] org.hibernate.orm.jdbc.bind              : binding parameter [9] as [INTEGER] - [0]
2024-01-29T19:13:44.805+09:00 TRACE 142768 --- [    Test worker] org.hibernate.orm.jdbc.bind              : binding parameter [10] as [BIGINT] - [2618]
Hibernate: 
    select
        p1_0.post_id,
        p1_0.answer,
        p1_0.content,
        p1_0.datetime,
        p1_0.explanation,
        p1_0.member_id,
        p1_0.recommendation_count,
        p1_0.title,
        p1_0.type,
        p1_0.view_count 
    from
        post p1_0 
    where
        p1_0.type like replace(?,'\\','\\\\') 
    order by
        p1_0.datetime desc
2024-01-29T19:13:44.810+09:00 TRACE 142768 --- [    Test worker] org.hibernate.orm.jdbc.bind              : binding parameter [1] as [VARCHAR] - [test1]
Hibernate: 
    insert 
    into
        member
        (authentication_code,activated,authentication_code_expire_time,email,nickname,password,ranking,username,member_id) 
    values
        (?,?,?,?,?,?,?,?,?)
2024-01-29T19:13:44.847+09:00 TRACE 142768 --- [    Test worker] org.hibernate.orm.jdbc.bind              : binding parameter [1] as [VARCHAR] - [null]
2024-01-29T19:13:44.847+09:00 TRACE 142768 --- [    Test worker] org.hibernate.orm.jdbc.bind              : binding parameter [2] as [BOOLEAN] - [false]
2024-01-29T19:13:44.847+09:00 TRACE 142768 --- [    Test worker] org.hibernate.orm.jdbc.bind              : binding parameter [3] as [TIMESTAMP] - [null]
2024-01-29T19:13:44.847+09:00 TRACE 142768 --- [    Test worker] org.hibernate.orm.jdbc.bind              : binding parameter [4] as [VARCHAR] - [null]
2024-01-29T19:13:44.847+09:00 TRACE 142768 --- [    Test worker] org.hibernate.orm.jdbc.bind              : binding parameter [5] as [VARCHAR] - [null]
2024-01-29T19:13:44.847+09:00 TRACE 142768 --- [    Test worker] org.hibernate.orm.jdbc.bind              : binding parameter [6] as [VARCHAR] - [null]
2024-01-29T19:13:44.847+09:00 TRACE 142768 --- [    Test worker] org.hibernate.orm.jdbc.bind              : binding parameter [7] as [INTEGER] - [0]
2024-01-29T19:13:44.847+09:00 TRACE 142768 --- [    Test worker] org.hibernate.orm.jdbc.bind              : binding parameter [8] as [VARCHAR] - [null]
2024-01-29T19:13:44.847+09:00 TRACE 142768 --- [    Test worker] org.hibernate.orm.jdbc.bind              : binding parameter [9] as [BIGINT] - [3378]
Hibernate: 
    insert 
    into
        post
        (answer,content,datetime,explanation,member_id,recommendation_count,title,type,view_count,post_id) 
    values
        (?,?,?,?,?,?,?,?,?,?)
2024-01-29T19:13:44.851+09:00 TRACE 142768 --- [    Test worker] org.hibernate.orm.jdbc.bind              : binding parameter [1] as [VARCHAR] - [test]
2024-01-29T19:13:44.852+09:00 TRACE 142768 --- [    Test worker] org.hibernate.orm.jdbc.bind              : binding parameter [2] as [VARCHAR] - [test1]
2024-01-29T19:13:44.852+09:00 TRACE 142768 --- [    Test worker] org.hibernate.orm.jdbc.bind              : binding parameter [3] as [TIMESTAMP] - [2024-01-30T04:13:44.844721900]
2024-01-29T19:13:44.852+09:00 TRACE 142768 --- [    Test worker] org.hibernate.orm.jdbc.bind              : binding parameter [4] as [VARCHAR] - [test]
2024-01-29T19:13:44.852+09:00 TRACE 142768 --- [    Test worker] org.hibernate.orm.jdbc.bind              : binding parameter [5] as [BIGINT] - [3378]
2024-01-29T19:13:44.852+09:00 TRACE 142768 --- [    Test worker] org.hibernate.orm.jdbc.bind              : binding parameter [6] as [INTEGER] - [0]
2024-01-29T19:13:44.852+09:00 TRACE 142768 --- [    Test worker] org.hibernate.orm.jdbc.bind              : binding parameter [7] as [VARCHAR] - [test1]
2024-01-29T19:13:44.852+09:00 TRACE 142768 --- [    Test worker] org.hibernate.orm.jdbc.bind              : binding parameter [8] as [VARCHAR] - [test1]
2024-01-29T19:13:44.852+09:00 TRACE 142768 --- [    Test worker] org.hibernate.orm.jdbc.bind              : binding parameter [9] as [INTEGER] - [0]
2024-01-29T19:13:44.852+09:00 TRACE 142768 --- [    Test worker] org.hibernate.orm.jdbc.bind              : binding parameter [10] as [BIGINT] - [2620]
Hibernate: 
    insert 
    into
        member
        (authentication_code,activated,authentication_code_expire_time,email,nickname,password,ranking,username,member_id) 
    values
        (?,?,?,?,?,?,?,?,?)
2024-01-29T19:13:44.858+09:00 TRACE 142768 --- [    Test worker] org.hibernate.orm.jdbc.bind              : binding parameter [1] as [VARCHAR] - [null]
2024-01-29T19:13:44.858+09:00 TRACE 142768 --- [    Test worker] org.hibernate.orm.jdbc.bind              : binding parameter [2] as [BOOLEAN] - [false]
2024-01-29T19:13:44.858+09:00 TRACE 142768 --- [    Test worker] org.hibernate.orm.jdbc.bind              : binding parameter [3] as [TIMESTAMP] - [null]
2024-01-29T19:13:44.858+09:00 TRACE 142768 --- [    Test worker] org.hibernate.orm.jdbc.bind              : binding parameter [4] as [VARCHAR] - [null]
2024-01-29T19:13:44.858+09:00 TRACE 142768 --- [    Test worker] org.hibernate.orm.jdbc.bind              : binding parameter [5] as [VARCHAR] - [null]
2024-01-29T19:13:44.858+09:00 TRACE 142768 --- [    Test worker] org.hibernate.orm.jdbc.bind              : binding parameter [6] as [VARCHAR] - [null]
2024-01-29T19:13:44.858+09:00 TRACE 142768 --- [    Test worker] org.hibernate.orm.jdbc.bind              : binding parameter [7] as [INTEGER] - [0]
2024-01-29T19:13:44.858+09:00 TRACE 142768 --- [    Test worker] org.hibernate.orm.jdbc.bind              : binding parameter [8] as [VARCHAR] - [null]
2024-01-29T19:13:44.858+09:00 TRACE 142768 --- [    Test worker] org.hibernate.orm.jdbc.bind              : binding parameter [9] as [BIGINT] - [3379]
Hibernate: 
    insert 
    into
        post
        (answer,content,datetime,explanation,member_id,recommendation_count,title,type,view_count,post_id) 
    values
        (?,?,?,?,?,?,?,?,?,?)
2024-01-29T19:13:44.862+09:00 TRACE 142768 --- [    Test worker] org.hibernate.orm.jdbc.bind              : binding parameter [1] as [VARCHAR] - [test]
2024-01-29T19:13:44.862+09:00 TRACE 142768 --- [    Test worker] org.hibernate.orm.jdbc.bind              : binding parameter [2] as [VARCHAR] - [test2]
2024-01-29T19:13:44.862+09:00 TRACE 142768 --- [    Test worker] org.hibernate.orm.jdbc.bind              : binding parameter [3] as [TIMESTAMP] - [2024-01-30T04:13:44.844721900]
2024-01-29T19:13:44.862+09:00 TRACE 142768 --- [    Test worker] org.hibernate.orm.jdbc.bind              : binding parameter [4] as [VARCHAR] - [test]
2024-01-29T19:13:44.863+09:00 TRACE 142768 --- [    Test worker] org.hibernate.orm.jdbc.bind              : binding parameter [5] as [BIGINT] - [3379]
2024-01-29T19:13:44.863+09:00 TRACE 142768 --- [    Test worker] org.hibernate.orm.jdbc.bind              : binding parameter [6] as [INTEGER] - [0]
2024-01-29T19:13:44.863+09:00 TRACE 142768 --- [    Test worker] org.hibernate.orm.jdbc.bind              : binding parameter [7] as [VARCHAR] - [test2]
2024-01-29T19:13:44.863+09:00 TRACE 142768 --- [    Test worker] org.hibernate.orm.jdbc.bind              : binding parameter [8] as [VARCHAR] - [test2]
2024-01-29T19:13:44.863+09:00 TRACE 142768 --- [    Test worker] org.hibernate.orm.jdbc.bind              : binding parameter [9] as [INTEGER] - [0]
2024-01-29T19:13:44.863+09:00 TRACE 142768 --- [    Test worker] org.hibernate.orm.jdbc.bind              : binding parameter [10] as [BIGINT] - [2621]
Hibernate: 
    select
        p1_0.post_id,
        p1_0.answer,
        p1_0.content,
        p1_0.datetime,
        p1_0.explanation,
        p1_0.member_id,
        p1_0.recommendation_count,
        p1_0.title,
        p1_0.type,
        p1_0.view_count 
    from
        post p1_0 
    where
        p1_0.title like replace(?,'\\','\\\\') 
    order by
        p1_0.datetime desc
2024-01-29T19:13:44.867+09:00 TRACE 142768 --- [    Test worker] org.hibernate.orm.jdbc.bind              : binding parameter [1] as [VARCHAR] - [%test1%]
]]></system-out>
  <system-err><![CDATA[]]></system-err>
</testsuite>
