<?xml version="1.0" encoding="UTF-8"?>
<testsuite name="com.findme.mysteryweb.Repository.CommentRepositoryTest" tests="5" skipped="0" failures="1" errors="0" timestamp="2024-01-29T10:13:43" hostname="DESKTOP-CSD8MNN" time="1.335">
  <properties/>
  <testcase name="delete()" classname="com.findme.mysteryweb.Repository.CommentRepositoryTest" time="0.648"/>
  <testcase name="findAllByPostId()" classname="com.findme.mysteryweb.Repository.CommentRepositoryTest" time="0.447"/>
  <testcase name="findAll()" classname="com.findme.mysteryweb.Repository.CommentRepositoryTest" time="0.209">
    <failure message="org.opentest4j.AssertionFailedError: &#13;&#10;expected: 2&#13;&#10; but was: 34" type="org.opentest4j.AssertionFailedError">org.opentest4j.AssertionFailedError: 
expected: 2
 but was: 34
	at java.base@17.0.2/jdk.internal.reflect.NativeConstructorAccessorImpl.newInstance0(Native Method)
	at java.base@17.0.2/jdk.internal.reflect.NativeConstructorAccessorImpl.newInstance(NativeConstructorAccessorImpl.java:77)
	at java.base@17.0.2/jdk.internal.reflect.DelegatingConstructorAccessorImpl.newInstance(DelegatingConstructorAccessorImpl.java:45)
	at java.base@17.0.2/java.lang.reflect.Constructor.newInstanceWithCaller(Constructor.java:499)
	at app//com.findme.mysteryweb.Repository.CommentRepositoryTest.findAll(CommentRepositoryTest.java:72)
	at java.base@17.0.2/jdk.internal.reflect.NativeMethodAccessorImpl.invoke0(Native Method)
	at java.base@17.0.2/jdk.internal.reflect.NativeMethodAccessorImpl.invoke(NativeMethodAccessorImpl.java:77)
	at java.base@17.0.2/jdk.internal.reflect.DelegatingMethodAccessorImpl.invoke(DelegatingMethodAccessorImpl.java:43)
	at java.base@17.0.2/java.lang.reflect.Method.invoke(Method.java:568)
	at app//org.junit.platform.commons.util.ReflectionUtils.invokeMethod(ReflectionUtils.java:727)
	at app//org.junit.jupiter.engine.execution.MethodInvocation.proceed(MethodInvocation.java:60)
	at app//org.junit.jupiter.engine.execution.InvocationInterceptorChain$ValidatingInvocation.proceed(InvocationInterceptorChain.java:131)
	at app//org.junit.jupiter.engine.extension.TimeoutExtension.intercept(TimeoutExtension.java:156)
	at app//org.junit.jupiter.engine.extension.TimeoutExtension.interceptTestableMethod(TimeoutExtension.java:147)
	at app//org.junit.jupiter.engine.extension.TimeoutExtension.interceptTestMethod(TimeoutExtension.java:86)
	at app//org.junit.jupiter.engine.execution.InterceptingExecutableInvoker$ReflectiveInterceptorCall.lambda$ofVoidMethod$0(InterceptingExecutableInvoker.java:103)
	at app//org.junit.jupiter.engine.execution.InterceptingExecutableInvoker.lambda$invoke$0(InterceptingExecutableInvoker.java:93)
	at app//org.junit.jupiter.engine.execution.InvocationInterceptorChain$InterceptedInvocation.proceed(InvocationInterceptorChain.java:106)
	at app//org.junit.jupiter.engine.execution.InvocationInterceptorChain.proceed(InvocationInterceptorChain.java:64)
	at app//org.junit.jupiter.engine.execution.InvocationInterceptorChain.chainAndInvoke(InvocationInterceptorChain.java:45)
	at app//org.junit.jupiter.engine.execution.InvocationInterceptorChain.invoke(InvocationInterceptorChain.java:37)
	at app//org.junit.jupiter.engine.execution.InterceptingExecutableInvoker.invoke(InterceptingExecutableInvoker.java:92)
	at app//org.junit.jupiter.engine.execution.InterceptingExecutableInvoker.invoke(InterceptingExecutableInvoker.java:86)
	at app//org.junit.jupiter.engine.descriptor.TestMethodTestDescriptor.lambda$invokeTestMethod$7(TestMethodTestDescriptor.java:217)
	at app//org.junit.platform.engine.support.hierarchical.ThrowableCollector.execute(ThrowableCollector.java:73)
	at app//org.junit.jupiter.engine.descriptor.TestMethodTestDescriptor.invokeTestMethod(TestMethodTestDescriptor.java:213)
	at app//org.junit.jupiter.engine.descriptor.TestMethodTestDescriptor.execute(TestMethodTestDescriptor.java:138)
	at app//org.junit.jupiter.engine.descriptor.TestMethodTestDescriptor.execute(TestMethodTestDescriptor.java:68)
	at app//org.junit.platform.engine.support.hierarchical.NodeTestTask.lambda$executeRecursively$6(NodeTestTask.java:151)
	at app//org.junit.platform.engine.support.hierarchical.ThrowableCollector.execute(ThrowableCollector.java:73)
	at app//org.junit.platform.engine.support.hierarchical.NodeTestTask.lambda$executeRecursively$8(NodeTestTask.java:141)
	at app//org.junit.platform.engine.support.hierarchical.Node.around(Node.java:137)
	at app//org.junit.platform.engine.support.hierarchical.NodeTestTask.lambda$executeRecursively$9(NodeTestTask.java:139)
	at app//org.junit.platform.engine.support.hierarchical.ThrowableCollector.execute(ThrowableCollector.java:73)
	at app//org.junit.platform.engine.support.hierarchical.NodeTestTask.executeRecursively(NodeTestTask.java:138)
	at app//org.junit.platform.engine.support.hierarchical.NodeTestTask.execute(NodeTestTask.java:95)
	at java.base@17.0.2/java.util.ArrayList.forEach(ArrayList.java:1511)
	at app//org.junit.platform.engine.support.hierarchical.SameThreadHierarchicalTestExecutorService.invokeAll(SameThreadHierarchicalTestExecutorService.java:41)
	at app//org.junit.platform.engine.support.hierarchical.NodeTestTask.lambda$executeRecursively$6(NodeTestTask.java:155)
	at app//org.junit.platform.engine.support.hierarchical.ThrowableCollector.execute(ThrowableCollector.java:73)
	at app//org.junit.platform.engine.support.hierarchical.NodeTestTask.lambda$executeRecursively$8(NodeTestTask.java:141)
	at app//org.junit.platform.engine.support.hierarchical.Node.around(Node.java:137)
	at app//org.junit.platform.engine.support.hierarchical.NodeTestTask.lambda$executeRecursively$9(NodeTestTask.java:139)
	at app//org.junit.platform.engine.support.hierarchical.ThrowableCollector.execute(ThrowableCollector.java:73)
	at app//org.junit.platform.engine.support.hierarchical.NodeTestTask.executeRecursively(NodeTestTask.java:138)
	at app//org.junit.platform.engine.support.hierarchical.NodeTestTask.execute(NodeTestTask.java:95)
	at java.base@17.0.2/java.util.ArrayList.forEach(ArrayList.java:1511)
	at app//org.junit.platform.engine.support.hierarchical.SameThreadHierarchicalTestExecutorService.invokeAll(SameThreadHierarchicalTestExecutorService.java:41)
	at app//org.junit.platform.engine.support.hierarchical.NodeTestTask.lambda$executeRecursively$6(NodeTestTask.java:155)
	at app//org.junit.platform.engine.support.hierarchical.ThrowableCollector.execute(ThrowableCollector.java:73)
	at app//org.junit.platform.engine.support.hierarchical.NodeTestTask.lambda$executeRecursively$8(NodeTestTask.java:141)
	at app//org.junit.platform.engine.support.hierarchical.Node.around(Node.java:137)
	at app//org.junit.platform.engine.support.hierarchical.NodeTestTask.lambda$executeRecursively$9(NodeTestTask.java:139)
	at app//org.junit.platform.engine.support.hierarchical.ThrowableCollector.execute(ThrowableCollector.java:73)
	at app//org.junit.platform.engine.support.hierarchical.NodeTestTask.executeRecursively(NodeTestTask.java:138)
	at app//org.junit.platform.engine.support.hierarchical.NodeTestTask.execute(NodeTestTask.java:95)
	at app//org.junit.platform.engine.support.hierarchical.SameThreadHierarchicalTestExecutorService.submit(SameThreadHierarchicalTestExecutorService.java:35)
	at app//org.junit.platform.engine.support.hierarchical.HierarchicalTestExecutor.execute(HierarchicalTestExecutor.java:57)
	at app//org.junit.platform.engine.support.hierarchical.HierarchicalTestEngine.execute(HierarchicalTestEngine.java:54)
	at app//org.junit.platform.launcher.core.EngineExecutionOrchestrator.execute(EngineExecutionOrchestrator.java:107)
	at app//org.junit.platform.launcher.core.EngineExecutionOrchestrator.execute(EngineExecutionOrchestrator.java:88)
	at app//org.junit.platform.launcher.core.EngineExecutionOrchestrator.lambda$execute$0(EngineExecutionOrchestrator.java:54)
	at app//org.junit.platform.launcher.core.EngineExecutionOrchestrator.withInterceptedStreams(EngineExecutionOrchestrator.java:67)
	at app//org.junit.platform.launcher.core.EngineExecutionOrchestrator.execute(EngineExecutionOrchestrator.java:52)
	at app//org.junit.platform.launcher.core.DefaultLauncher.execute(DefaultLauncher.java:114)
	at app//org.junit.platform.launcher.core.DefaultLauncher.execute(DefaultLauncher.java:86)
	at app//org.junit.platform.launcher.core.DefaultLauncherSession$DelegatingLauncher.execute(DefaultLauncherSession.java:86)
	at org.gradle.api.internal.tasks.testing.junitplatform.JUnitPlatformTestClassProcessor$CollectAllTestClassesExecutor.processAllTestClasses(JUnitPlatformTestClassProcessor.java:110)
	at org.gradle.api.internal.tasks.testing.junitplatform.JUnitPlatformTestClassProcessor$CollectAllTestClassesExecutor.access$000(JUnitPlatformTestClassProcessor.java:90)
	at org.gradle.api.internal.tasks.testing.junitplatform.JUnitPlatformTestClassProcessor.stop(JUnitPlatformTestClassProcessor.java:85)
	at org.gradle.api.internal.tasks.testing.SuiteTestClassProcessor.stop(SuiteTestClassProcessor.java:62)
	at java.base@17.0.2/jdk.internal.reflect.NativeMethodAccessorImpl.invoke0(Native Method)
	at java.base@17.0.2/jdk.internal.reflect.NativeMethodAccessorImpl.invoke(NativeMethodAccessorImpl.java:77)
	at java.base@17.0.2/jdk.internal.reflect.DelegatingMethodAccessorImpl.invoke(DelegatingMethodAccessorImpl.java:43)
	at java.base@17.0.2/java.lang.reflect.Method.invoke(Method.java:568)
	at org.gradle.internal.dispatch.ReflectionDispatch.dispatch(ReflectionDispatch.java:36)
	at org.gradle.internal.dispatch.ReflectionDispatch.dispatch(ReflectionDispatch.java:24)
	at org.gradle.internal.dispatch.ContextClassLoaderDispatch.dispatch(ContextClassLoaderDispatch.java:33)
	at org.gradle.internal.dispatch.ProxyDispatchAdapter$DispatchingInvocationHandler.invoke(ProxyDispatchAdapter.java:94)
	at jdk.proxy1/jdk.proxy1.$Proxy2.stop(Unknown Source)
	at org.gradle.api.internal.tasks.testing.worker.TestWorker$3.run(TestWorker.java:193)
	at org.gradle.api.internal.tasks.testing.worker.TestWorker.executeAndMaintainThreadName(TestWorker.java:129)
	at org.gradle.api.internal.tasks.testing.worker.TestWorker.execute(TestWorker.java:100)
	at org.gradle.api.internal.tasks.testing.worker.TestWorker.execute(TestWorker.java:60)
	at org.gradle.process.internal.worker.child.ActionExecutionWorker.execute(ActionExecutionWorker.java:56)
	at org.gradle.process.internal.worker.child.SystemApplicationClassLoaderWorker.call(SystemApplicationClassLoaderWorker.java:113)
	at org.gradle.process.internal.worker.child.SystemApplicationClassLoaderWorker.call(SystemApplicationClassLoaderWorker.java:65)
	at app//worker.org.gradle.process.internal.worker.GradleWorkerMain.run(GradleWorkerMain.java:69)
	at app//worker.org.gradle.process.internal.worker.GradleWorkerMain.main(GradleWorkerMain.java:74)
</failure>
  </testcase>
  <testcase name="findOne()" classname="com.findme.mysteryweb.Repository.CommentRepositoryTest" time="0.014"/>
  <testcase name="save()" classname="com.findme.mysteryweb.Repository.CommentRepositoryTest" time="0.014"/>
  <system-out><![CDATA[19:13:38.645 [Test worker] INFO org.springframework.test.context.support.AnnotationConfigContextLoaderUtils -- Could not detect default configuration classes for test class [com.findme.mysteryweb.Repository.CommentRepositoryTest]: CommentRepositoryTest does not declare any static, non-private, non-final, nested classes annotated with @Configuration.
19:13:38.749 [Test worker] INFO org.springframework.boot.test.context.SpringBootTestContextBootstrapper -- Found @SpringBootConfiguration com.findme.mysteryweb.MysterywebApplication for test class com.findme.mysteryweb.Repository.CommentRepositoryTest

  .   ____          _            __ _ _
 /\\ / ___'_ __ _ _(_)_ __  __ _ \ \ \ \
( ( )\___ | '_ | '_| | '_ \/ _` | \ \ \ \
 \\/  ___)| |_)| | | | | || (_| |  ) ) ) )
  '  |____| .__|_| |_|_| |_\__, | / / / /
 =========|_|==============|___/=/_/_/_/
 :: Spring Boot ::                (v3.1.3)

2024-01-29T19:13:39.129+09:00  INFO 142768 --- [    Test worker] c.f.m.Repository.CommentRepositoryTest   : Starting CommentRepositoryTest using Java 17.0.2 with PID 142768 (started by tjrwn in C:\springStudy\mysteryweb)
2024-01-29T19:13:39.130+09:00  INFO 142768 --- [    Test worker] c.f.m.Repository.CommentRepositoryTest   : No active profile set, falling back to 1 default profile: "default"
2024-01-29T19:13:39.805+09:00  INFO 142768 --- [    Test worker] .s.d.r.c.RepositoryConfigurationDelegate : Bootstrapping Spring Data JPA repositories in DEFAULT mode.
2024-01-29T19:13:39.834+09:00  INFO 142768 --- [    Test worker] .s.d.r.c.RepositoryConfigurationDelegate : Finished Spring Data repository scanning in 16 ms. Found 0 JPA repository interfaces.
2024-01-29T19:13:40.301+09:00  INFO 142768 --- [    Test worker] o.hibernate.jpa.internal.util.LogHelper  : HHH000204: Processing PersistenceUnitInfo [name: default]
2024-01-29T19:13:40.365+09:00  INFO 142768 --- [    Test worker] org.hibernate.Version                    : HHH000412: Hibernate ORM core version 6.2.7.Final
2024-01-29T19:13:40.368+09:00  INFO 142768 --- [    Test worker] org.hibernate.cfg.Environment            : HHH000406: Using bytecode reflection optimizer
2024-01-29T19:13:40.517+09:00  INFO 142768 --- [    Test worker] o.h.b.i.BytecodeProviderInitiator        : HHH000021: Bytecode provider name : bytebuddy
2024-01-29T19:13:40.661+09:00  INFO 142768 --- [    Test worker] o.s.o.j.p.SpringPersistenceUnitInfo      : No LoadTimeWeaver setup: ignoring JPA class transformer
2024-01-29T19:13:40.677+09:00  INFO 142768 --- [    Test worker] com.zaxxer.hikari.HikariDataSource       : HikariPool-1 - Starting...
2024-01-29T19:13:40.835+09:00  INFO 142768 --- [    Test worker] com.zaxxer.hikari.pool.HikariPool        : HikariPool-1 - Added connection com.mysql.cj.jdbc.ConnectionImpl@39514976
2024-01-29T19:13:40.837+09:00  INFO 142768 --- [    Test worker] com.zaxxer.hikari.HikariDataSource       : HikariPool-1 - Start completed.
2024-01-29T19:13:41.144+09:00  INFO 142768 --- [    Test worker] o.h.b.i.BytecodeProviderInitiator        : HHH000021: Bytecode provider name : bytebuddy
2024-01-29T19:13:41.775+09:00  INFO 142768 --- [    Test worker] o.h.e.t.j.p.i.JtaPlatformInitiator       : HHH000490: Using JtaPlatform implementation: [org.hibernate.engine.transaction.jta.platform.internal.NoJtaPlatform]
2024-01-29T19:13:41.779+09:00  INFO 142768 --- [    Test worker] j.LocalContainerEntityManagerFactoryBean : Initialized JPA EntityManagerFactory for persistence unit 'default'
2024-01-29T19:13:42.146+09:00  WARN 142768 --- [    Test worker] JpaBaseConfiguration$JpaWebConfiguration : spring.jpa.open-in-view is enabled by default. Therefore, database queries may be performed during view rendering. Explicitly configure spring.jpa.open-in-view to disable this warning
2024-01-29T19:13:42.381+09:00  WARN 142768 --- [    Test worker] c.a.a.p.i.BasicProfileConfigLoader       : Your profile name includes a 'profile ' prefix. This is considered part of the profile name in the Java SDK, so you will need to include this prefix in your profile name when you reference this profile from your Java code.
2024-01-29T19:13:42.463+09:00  WARN 142768 --- [    Test worker] c.a.a.p.i.BasicProfileConfigLoader       : Your profile name includes a 'profile ' prefix. This is considered part of the profile name in the Java SDK, so you will need to include this prefix in your profile name when you reference this profile from your Java code.
2024-01-29T19:13:42.582+09:00  WARN 142768 --- [    Test worker] c.a.a.p.i.BasicProfileConfigLoader       : Your profile name includes a 'profile ' prefix. This is considered part of the profile name in the Java SDK, so you will need to include this prefix in your profile name when you reference this profile from your Java code.
2024-01-29T19:13:42.673+09:00  INFO 142768 --- [    Test worker] o.s.s.web.DefaultSecurityFilterChain     : Will secure any request with [org.springframework.security.web.session.DisableEncodeUrlFilter@676f70dc, org.springframework.security.web.context.request.async.WebAsyncManagerIntegrationFilter@2591477f, org.springframework.security.web.context.SecurityContextHolderFilter@4ec78008, org.springframework.security.web.header.HeaderWriterFilter@5232cec1, org.springframework.security.web.authentication.logout.LogoutFilter@40a360e6, com.findme.mysteryweb.jwt.JwtRequestFilter@1e284d90, org.springframework.security.web.savedrequest.RequestCacheAwareFilter@64e6cdad, org.springframework.security.web.servletapi.SecurityContextHolderAwareRequestFilter@4caca86d, org.springframework.security.web.authentication.AnonymousAuthenticationFilter@761d3c20, org.springframework.security.web.access.ExceptionTranslationFilter@1e11d73c, org.springframework.security.web.access.intercept.AuthorizationFilter@54c2cfc9]
2024-01-29T19:13:43.079+09:00  INFO 142768 --- [    Test worker] c.f.m.Repository.CommentRepositoryTest   : Started CommentRepositoryTest in 4.208 seconds (process running for 5.294)
Hibernate: 
    select
        next_val as id_val 
    from
        comment_seq for update
Hibernate: 
    update
        comment_seq 
    set
        next_val= ? 
    where
        next_val=?
Hibernate: 
    select
        next_val as id_val 
    from
        member_seq for update
Hibernate: 
    update
        member_seq 
    set
        next_val= ? 
    where
        next_val=?
Hibernate: 
    select
        next_val as id_val 
    from
        post_seq for update
Hibernate: 
    update
        post_seq 
    set
        next_val= ? 
    where
        next_val=?
Hibernate: 
    insert 
    into
        member
        (authentication_code,activated,authentication_code_expire_time,email,nickname,password,ranking,username,member_id) 
    values
        (?,?,?,?,?,?,?,?,?)
2024-01-29T19:13:44.081+09:00 TRACE 142768 --- [    Test worker] org.hibernate.orm.jdbc.bind              : binding parameter [1] as [VARCHAR] - [null]
2024-01-29T19:13:44.082+09:00 TRACE 142768 --- [    Test worker] org.hibernate.orm.jdbc.bind              : binding parameter [2] as [BOOLEAN] - [false]
2024-01-29T19:13:44.082+09:00 TRACE 142768 --- [    Test worker] org.hibernate.orm.jdbc.bind              : binding parameter [3] as [TIMESTAMP] - [null]
2024-01-29T19:13:44.082+09:00 TRACE 142768 --- [    Test worker] org.hibernate.orm.jdbc.bind              : binding parameter [4] as [VARCHAR] - [null]
2024-01-29T19:13:44.082+09:00 TRACE 142768 --- [    Test worker] org.hibernate.orm.jdbc.bind              : binding parameter [5] as [VARCHAR] - [null]
2024-01-29T19:13:44.082+09:00 TRACE 142768 --- [    Test worker] org.hibernate.orm.jdbc.bind              : binding parameter [6] as [VARCHAR] - [null]
2024-01-29T19:13:44.082+09:00 TRACE 142768 --- [    Test worker] org.hibernate.orm.jdbc.bind              : binding parameter [7] as [INTEGER] - [0]
2024-01-29T19:13:44.082+09:00 TRACE 142768 --- [    Test worker] org.hibernate.orm.jdbc.bind              : binding parameter [8] as [VARCHAR] - [null]
2024-01-29T19:13:44.082+09:00 TRACE 142768 --- [    Test worker] org.hibernate.orm.jdbc.bind              : binding parameter [9] as [BIGINT] - [3353]
Hibernate: 
    insert 
    into
        member
        (authentication_code,activated,authentication_code_expire_time,email,nickname,password,ranking,username,member_id) 
    values
        (?,?,?,?,?,?,?,?,?)
2024-01-29T19:13:44.089+09:00 TRACE 142768 --- [    Test worker] org.hibernate.orm.jdbc.bind              : binding parameter [1] as [VARCHAR] - [null]
2024-01-29T19:13:44.089+09:00 TRACE 142768 --- [    Test worker] org.hibernate.orm.jdbc.bind              : binding parameter [2] as [BOOLEAN] - [false]
2024-01-29T19:13:44.089+09:00 TRACE 142768 --- [    Test worker] org.hibernate.orm.jdbc.bind              : binding parameter [3] as [TIMESTAMP] - [null]
2024-01-29T19:13:44.089+09:00 TRACE 142768 --- [    Test worker] org.hibernate.orm.jdbc.bind              : binding parameter [4] as [VARCHAR] - [null]
2024-01-29T19:13:44.089+09:00 TRACE 142768 --- [    Test worker] org.hibernate.orm.jdbc.bind              : binding parameter [5] as [VARCHAR] - [null]
2024-01-29T19:13:44.089+09:00 TRACE 142768 --- [    Test worker] org.hibernate.orm.jdbc.bind              : binding parameter [6] as [VARCHAR] - [null]
2024-01-29T19:13:44.089+09:00 TRACE 142768 --- [    Test worker] org.hibernate.orm.jdbc.bind              : binding parameter [7] as [INTEGER] - [0]
2024-01-29T19:13:44.089+09:00 TRACE 142768 --- [    Test worker] org.hibernate.orm.jdbc.bind              : binding parameter [8] as [VARCHAR] - [null]
2024-01-29T19:13:44.089+09:00 TRACE 142768 --- [    Test worker] org.hibernate.orm.jdbc.bind              : binding parameter [9] as [BIGINT] - [3354]
Hibernate: 
    insert 
    into
        post
        (answer,content,datetime,explanation,member_id,recommendation_count,title,type,view_count,post_id) 
    values
        (?,?,?,?,?,?,?,?,?,?)
2024-01-29T19:13:44.094+09:00 TRACE 142768 --- [    Test worker] org.hibernate.orm.jdbc.bind              : binding parameter [1] as [VARCHAR] - [test]
2024-01-29T19:13:44.095+09:00 TRACE 142768 --- [    Test worker] org.hibernate.orm.jdbc.bind              : binding parameter [2] as [VARCHAR] - [post]
2024-01-29T19:13:44.095+09:00 TRACE 142768 --- [    Test worker] org.hibernate.orm.jdbc.bind              : binding parameter [3] as [TIMESTAMP] - [2024-01-30T04:13:43.751039400]
2024-01-29T19:13:44.095+09:00 TRACE 142768 --- [    Test worker] org.hibernate.orm.jdbc.bind              : binding parameter [4] as [VARCHAR] - [test]
2024-01-29T19:13:44.095+09:00 TRACE 142768 --- [    Test worker] org.hibernate.orm.jdbc.bind              : binding parameter [5] as [BIGINT] - [3354]
2024-01-29T19:13:44.095+09:00 TRACE 142768 --- [    Test worker] org.hibernate.orm.jdbc.bind              : binding parameter [6] as [INTEGER] - [0]
2024-01-29T19:13:44.095+09:00 TRACE 142768 --- [    Test worker] org.hibernate.orm.jdbc.bind              : binding parameter [7] as [VARCHAR] - [post]
2024-01-29T19:13:44.095+09:00 TRACE 142768 --- [    Test worker] org.hibernate.orm.jdbc.bind              : binding parameter [8] as [VARCHAR] - [test]
2024-01-29T19:13:44.095+09:00 TRACE 142768 --- [    Test worker] org.hibernate.orm.jdbc.bind              : binding parameter [9] as [INTEGER] - [0]
2024-01-29T19:13:44.095+09:00 TRACE 142768 --- [    Test worker] org.hibernate.orm.jdbc.bind              : binding parameter [10] as [BIGINT] - [2603]
Hibernate: 
    insert 
    into
        comment
        (content,datetime,member_id,parent_id,post_id,recommend,comment_id) 
    values
        (?,?,?,?,?,?,?)
2024-01-29T19:13:44.104+09:00 TRACE 142768 --- [    Test worker] org.hibernate.orm.jdbc.bind              : binding parameter [1] as [VARCHAR] - [test1]
2024-01-29T19:13:44.104+09:00 TRACE 142768 --- [    Test worker] org.hibernate.orm.jdbc.bind              : binding parameter [2] as [TIMESTAMP] - [2024-01-30T04:13:43.751039400]
2024-01-29T19:13:44.104+09:00 TRACE 142768 --- [    Test worker] org.hibernate.orm.jdbc.bind              : binding parameter [3] as [BIGINT] - [3353]
2024-01-29T19:13:44.104+09:00 TRACE 142768 --- [    Test worker] org.hibernate.orm.jdbc.bind              : binding parameter [4] as [BIGINT] - [null]
2024-01-29T19:13:44.104+09:00 TRACE 142768 --- [    Test worker] org.hibernate.orm.jdbc.bind              : binding parameter [5] as [BIGINT] - [2603]
2024-01-29T19:13:44.104+09:00 TRACE 142768 --- [    Test worker] org.hibernate.orm.jdbc.bind              : binding parameter [6] as [INTEGER] - [0]
2024-01-29T19:13:44.104+09:00 TRACE 142768 --- [    Test worker] org.hibernate.orm.jdbc.bind              : binding parameter [7] as [BIGINT] - [2703]
Hibernate: 
    insert 
    into
        member
        (authentication_code,activated,authentication_code_expire_time,email,nickname,password,ranking,username,member_id) 
    values
        (?,?,?,?,?,?,?,?,?)
2024-01-29T19:13:44.110+09:00 TRACE 142768 --- [    Test worker] org.hibernate.orm.jdbc.bind              : binding parameter [1] as [VARCHAR] - [null]
2024-01-29T19:13:44.110+09:00 TRACE 142768 --- [    Test worker] org.hibernate.orm.jdbc.bind              : binding parameter [2] as [BOOLEAN] - [false]
2024-01-29T19:13:44.110+09:00 TRACE 142768 --- [    Test worker] org.hibernate.orm.jdbc.bind              : binding parameter [3] as [TIMESTAMP] - [null]
2024-01-29T19:13:44.110+09:00 TRACE 142768 --- [    Test worker] org.hibernate.orm.jdbc.bind              : binding parameter [4] as [VARCHAR] - [null]
2024-01-29T19:13:44.110+09:00 TRACE 142768 --- [    Test worker] org.hibernate.orm.jdbc.bind              : binding parameter [5] as [VARCHAR] - [null]
2024-01-29T19:13:44.110+09:00 TRACE 142768 --- [    Test worker] org.hibernate.orm.jdbc.bind              : binding parameter [6] as [VARCHAR] - [null]
2024-01-29T19:13:44.110+09:00 TRACE 142768 --- [    Test worker] org.hibernate.orm.jdbc.bind              : binding parameter [7] as [INTEGER] - [0]
2024-01-29T19:13:44.110+09:00 TRACE 142768 --- [    Test worker] org.hibernate.orm.jdbc.bind              : binding parameter [8] as [VARCHAR] - [null]
2024-01-29T19:13:44.110+09:00 TRACE 142768 --- [    Test worker] org.hibernate.orm.jdbc.bind              : binding parameter [9] as [BIGINT] - [3355]
Hibernate: 
    insert 
    into
        comment
        (content,datetime,member_id,parent_id,post_id,recommend,comment_id) 
    values
        (?,?,?,?,?,?,?)
2024-01-29T19:13:44.116+09:00 TRACE 142768 --- [    Test worker] org.hibernate.orm.jdbc.bind              : binding parameter [1] as [VARCHAR] - [test2]
2024-01-29T19:13:44.116+09:00 TRACE 142768 --- [    Test worker] org.hibernate.orm.jdbc.bind              : binding parameter [2] as [TIMESTAMP] - [2024-01-30T04:13:43.751039400]
2024-01-29T19:13:44.117+09:00 TRACE 142768 --- [    Test worker] org.hibernate.orm.jdbc.bind              : binding parameter [3] as [BIGINT] - [3355]
2024-01-29T19:13:44.117+09:00 TRACE 142768 --- [    Test worker] org.hibernate.orm.jdbc.bind              : binding parameter [4] as [BIGINT] - [null]
2024-01-29T19:13:44.117+09:00 TRACE 142768 --- [    Test worker] org.hibernate.orm.jdbc.bind              : binding parameter [5] as [BIGINT] - [2603]
2024-01-29T19:13:44.117+09:00 TRACE 142768 --- [    Test worker] org.hibernate.orm.jdbc.bind              : binding parameter [6] as [INTEGER] - [0]
2024-01-29T19:13:44.117+09:00 TRACE 142768 --- [    Test worker] org.hibernate.orm.jdbc.bind              : binding parameter [7] as [BIGINT] - [2704]
Hibernate: 
    insert 
    into
        member
        (authentication_code,activated,authentication_code_expire_time,email,nickname,password,ranking,username,member_id) 
    values
        (?,?,?,?,?,?,?,?,?)
2024-01-29T19:13:44.122+09:00 TRACE 142768 --- [    Test worker] org.hibernate.orm.jdbc.bind              : binding parameter [1] as [VARCHAR] - [null]
2024-01-29T19:13:44.122+09:00 TRACE 142768 --- [    Test worker] org.hibernate.orm.jdbc.bind              : binding parameter [2] as [BOOLEAN] - [false]
2024-01-29T19:13:44.122+09:00 TRACE 142768 --- [    Test worker] org.hibernate.orm.jdbc.bind              : binding parameter [3] as [TIMESTAMP] - [null]
2024-01-29T19:13:44.122+09:00 TRACE 142768 --- [    Test worker] org.hibernate.orm.jdbc.bind              : binding parameter [4] as [VARCHAR] - [null]
2024-01-29T19:13:44.122+09:00 TRACE 142768 --- [    Test worker] org.hibernate.orm.jdbc.bind              : binding parameter [5] as [VARCHAR] - [null]
2024-01-29T19:13:44.123+09:00 TRACE 142768 --- [    Test worker] org.hibernate.orm.jdbc.bind              : binding parameter [6] as [VARCHAR] - [null]
2024-01-29T19:13:44.123+09:00 TRACE 142768 --- [    Test worker] org.hibernate.orm.jdbc.bind              : binding parameter [7] as [INTEGER] - [0]
2024-01-29T19:13:44.123+09:00 TRACE 142768 --- [    Test worker] org.hibernate.orm.jdbc.bind              : binding parameter [8] as [VARCHAR] - [null]
2024-01-29T19:13:44.123+09:00 TRACE 142768 --- [    Test worker] org.hibernate.orm.jdbc.bind              : binding parameter [9] as [BIGINT] - [3356]
Hibernate: 
    insert 
    into
        member
        (authentication_code,activated,authentication_code_expire_time,email,nickname,password,ranking,username,member_id) 
    values
        (?,?,?,?,?,?,?,?,?)
2024-01-29T19:13:44.126+09:00 TRACE 142768 --- [    Test worker] org.hibernate.orm.jdbc.bind              : binding parameter [1] as [VARCHAR] - [null]
2024-01-29T19:13:44.127+09:00 TRACE 142768 --- [    Test worker] org.hibernate.orm.jdbc.bind              : binding parameter [2] as [BOOLEAN] - [false]
2024-01-29T19:13:44.127+09:00 TRACE 142768 --- [    Test worker] org.hibernate.orm.jdbc.bind              : binding parameter [3] as [TIMESTAMP] - [null]
2024-01-29T19:13:44.127+09:00 TRACE 142768 --- [    Test worker] org.hibernate.orm.jdbc.bind              : binding parameter [4] as [VARCHAR] - [null]
2024-01-29T19:13:44.127+09:00 TRACE 142768 --- [    Test worker] org.hibernate.orm.jdbc.bind              : binding parameter [5] as [VARCHAR] - [null]
2024-01-29T19:13:44.127+09:00 TRACE 142768 --- [    Test worker] org.hibernate.orm.jdbc.bind              : binding parameter [6] as [VARCHAR] - [null]
2024-01-29T19:13:44.127+09:00 TRACE 142768 --- [    Test worker] org.hibernate.orm.jdbc.bind              : binding parameter [7] as [INTEGER] - [0]
2024-01-29T19:13:44.127+09:00 TRACE 142768 --- [    Test worker] org.hibernate.orm.jdbc.bind              : binding parameter [8] as [VARCHAR] - [null]
2024-01-29T19:13:44.127+09:00 TRACE 142768 --- [    Test worker] org.hibernate.orm.jdbc.bind              : binding parameter [9] as [BIGINT] - [3357]
Hibernate: 
    insert 
    into
        post
        (answer,content,datetime,explanation,member_id,recommendation_count,title,type,view_count,post_id) 
    values
        (?,?,?,?,?,?,?,?,?,?)
2024-01-29T19:13:44.132+09:00 TRACE 142768 --- [    Test worker] org.hibernate.orm.jdbc.bind              : binding parameter [1] as [VARCHAR] - [test]
2024-01-29T19:13:44.132+09:00 TRACE 142768 --- [    Test worker] org.hibernate.orm.jdbc.bind              : binding parameter [2] as [VARCHAR] - [post]
2024-01-29T19:13:44.132+09:00 TRACE 142768 --- [    Test worker] org.hibernate.orm.jdbc.bind              : binding parameter [3] as [TIMESTAMP] - [2024-01-30T04:13:43.751039400]
2024-01-29T19:13:44.132+09:00 TRACE 142768 --- [    Test worker] org.hibernate.orm.jdbc.bind              : binding parameter [4] as [VARCHAR] - [test]
2024-01-29T19:13:44.132+09:00 TRACE 142768 --- [    Test worker] org.hibernate.orm.jdbc.bind              : binding parameter [5] as [BIGINT] - [3357]
2024-01-29T19:13:44.132+09:00 TRACE 142768 --- [    Test worker] org.hibernate.orm.jdbc.bind              : binding parameter [6] as [INTEGER] - [0]
2024-01-29T19:13:44.132+09:00 TRACE 142768 --- [    Test worker] org.hibernate.orm.jdbc.bind              : binding parameter [7] as [VARCHAR] - [post]
2024-01-29T19:13:44.132+09:00 TRACE 142768 --- [    Test worker] org.hibernate.orm.jdbc.bind              : binding parameter [8] as [VARCHAR] - [test]
2024-01-29T19:13:44.132+09:00 TRACE 142768 --- [    Test worker] org.hibernate.orm.jdbc.bind              : binding parameter [9] as [INTEGER] - [0]
2024-01-29T19:13:44.132+09:00 TRACE 142768 --- [    Test worker] org.hibernate.orm.jdbc.bind              : binding parameter [10] as [BIGINT] - [2604]
Hibernate: 
    insert 
    into
        comment
        (content,datetime,member_id,parent_id,post_id,recommend,comment_id) 
    values
        (?,?,?,?,?,?,?)
2024-01-29T19:13:44.137+09:00 TRACE 142768 --- [    Test worker] org.hibernate.orm.jdbc.bind              : binding parameter [1] as [VARCHAR] - [test3]
2024-01-29T19:13:44.138+09:00 TRACE 142768 --- [    Test worker] org.hibernate.orm.jdbc.bind              : binding parameter [2] as [TIMESTAMP] - [2024-01-30T04:13:43.751039400]
2024-01-29T19:13:44.138+09:00 TRACE 142768 --- [    Test worker] org.hibernate.orm.jdbc.bind              : binding parameter [3] as [BIGINT] - [3356]
2024-01-29T19:13:44.138+09:00 TRACE 142768 --- [    Test worker] org.hibernate.orm.jdbc.bind              : binding parameter [4] as [BIGINT] - [null]
2024-01-29T19:13:44.138+09:00 TRACE 142768 --- [    Test worker] org.hibernate.orm.jdbc.bind              : binding parameter [5] as [BIGINT] - [2604]
2024-01-29T19:13:44.138+09:00 TRACE 142768 --- [    Test worker] org.hibernate.orm.jdbc.bind              : binding parameter [6] as [INTEGER] - [0]
2024-01-29T19:13:44.138+09:00 TRACE 142768 --- [    Test worker] org.hibernate.orm.jdbc.bind              : binding parameter [7] as [BIGINT] - [2705]
Hibernate: 
    select
        c1_0.comment_id,
        c1_0.content,
        c1_0.datetime,
        c1_0.member_id,
        c1_0.parent_id,
        c1_0.post_id,
        c1_0.recommend 
    from
        comment c1_0 
    where
        c1_0.post_id=?
2024-01-29T19:13:44.168+09:00 TRACE 142768 --- [    Test worker] org.hibernate.orm.jdbc.bind              : binding parameter [1] as [BIGINT] - [2603]
Hibernate: 
    insert 
    into
        member
        (authentication_code,activated,authentication_code_expire_time,email,nickname,password,ranking,username,member_id) 
    values
        (?,?,?,?,?,?,?,?,?)
2024-01-29T19:13:44.201+09:00 TRACE 142768 --- [    Test worker] org.hibernate.orm.jdbc.bind              : binding parameter [1] as [VARCHAR] - [null]
2024-01-29T19:13:44.201+09:00 TRACE 142768 --- [    Test worker] org.hibernate.orm.jdbc.bind              : binding parameter [2] as [BOOLEAN] - [false]
2024-01-29T19:13:44.201+09:00 TRACE 142768 --- [    Test worker] org.hibernate.orm.jdbc.bind              : binding parameter [3] as [TIMESTAMP] - [null]
2024-01-29T19:13:44.201+09:00 TRACE 142768 --- [    Test worker] org.hibernate.orm.jdbc.bind              : binding parameter [4] as [VARCHAR] - [null]
2024-01-29T19:13:44.201+09:00 TRACE 142768 --- [    Test worker] org.hibernate.orm.jdbc.bind              : binding parameter [5] as [VARCHAR] - [null]
2024-01-29T19:13:44.201+09:00 TRACE 142768 --- [    Test worker] org.hibernate.orm.jdbc.bind              : binding parameter [6] as [VARCHAR] - [null]
2024-01-29T19:13:44.201+09:00 TRACE 142768 --- [    Test worker] org.hibernate.orm.jdbc.bind              : binding parameter [7] as [INTEGER] - [0]
2024-01-29T19:13:44.201+09:00 TRACE 142768 --- [    Test worker] org.hibernate.orm.jdbc.bind              : binding parameter [8] as [VARCHAR] - [null]
2024-01-29T19:13:44.202+09:00 TRACE 142768 --- [    Test worker] org.hibernate.orm.jdbc.bind              : binding parameter [9] as [BIGINT] - [3358]
Hibernate: 
    insert 
    into
        post
        (answer,content,datetime,explanation,member_id,recommendation_count,title,type,view_count,post_id) 
    values
        (?,?,?,?,?,?,?,?,?,?)
2024-01-29T19:13:44.211+09:00 TRACE 142768 --- [    Test worker] org.hibernate.orm.jdbc.bind              : binding parameter [1] as [VARCHAR] - [null]
2024-01-29T19:13:44.212+09:00 TRACE 142768 --- [    Test worker] org.hibernate.orm.jdbc.bind              : binding parameter [2] as [VARCHAR] - [null]
2024-01-29T19:13:44.212+09:00 TRACE 142768 --- [    Test worker] org.hibernate.orm.jdbc.bind              : binding parameter [3] as [TIMESTAMP] - [null]
2024-01-29T19:13:44.212+09:00 TRACE 142768 --- [    Test worker] org.hibernate.orm.jdbc.bind              : binding parameter [4] as [VARCHAR] - [null]
2024-01-29T19:13:44.212+09:00 TRACE 142768 --- [    Test worker] org.hibernate.orm.jdbc.bind              : binding parameter [5] as [BIGINT] - [null]
2024-01-29T19:13:44.212+09:00 TRACE 142768 --- [    Test worker] org.hibernate.orm.jdbc.bind              : binding parameter [6] as [INTEGER] - [0]
2024-01-29T19:13:44.212+09:00 TRACE 142768 --- [    Test worker] org.hibernate.orm.jdbc.bind              : binding parameter [7] as [VARCHAR] - [null]
2024-01-29T19:13:44.212+09:00 TRACE 142768 --- [    Test worker] org.hibernate.orm.jdbc.bind              : binding parameter [8] as [VARCHAR] - [null]
2024-01-29T19:13:44.212+09:00 TRACE 142768 --- [    Test worker] org.hibernate.orm.jdbc.bind              : binding parameter [9] as [INTEGER] - [0]
2024-01-29T19:13:44.212+09:00 TRACE 142768 --- [    Test worker] org.hibernate.orm.jdbc.bind              : binding parameter [10] as [BIGINT] - [2605]
Hibernate: 
    insert 
    into
        comment
        (content,datetime,member_id,parent_id,post_id,recommend,comment_id) 
    values
        (?,?,?,?,?,?,?)
2024-01-29T19:13:44.217+09:00 TRACE 142768 --- [    Test worker] org.hibernate.orm.jdbc.bind              : binding parameter [1] as [VARCHAR] - [test1]
2024-01-29T19:13:44.217+09:00 TRACE 142768 --- [    Test worker] org.hibernate.orm.jdbc.bind              : binding parameter [2] as [TIMESTAMP] - [2024-01-30T04:13:44.198277300]
2024-01-29T19:13:44.217+09:00 TRACE 142768 --- [    Test worker] org.hibernate.orm.jdbc.bind              : binding parameter [3] as [BIGINT] - [3358]
2024-01-29T19:13:44.217+09:00 TRACE 142768 --- [    Test worker] org.hibernate.orm.jdbc.bind              : binding parameter [4] as [BIGINT] - [null]
2024-01-29T19:13:44.217+09:00 TRACE 142768 --- [    Test worker] org.hibernate.orm.jdbc.bind              : binding parameter [5] as [BIGINT] - [2605]
2024-01-29T19:13:44.217+09:00 TRACE 142768 --- [    Test worker] org.hibernate.orm.jdbc.bind              : binding parameter [6] as [INTEGER] - [0]
2024-01-29T19:13:44.217+09:00 TRACE 142768 --- [    Test worker] org.hibernate.orm.jdbc.bind              : binding parameter [7] as [BIGINT] - [2706]
Hibernate: 
    insert 
    into
        member
        (authentication_code,activated,authentication_code_expire_time,email,nickname,password,ranking,username,member_id) 
    values
        (?,?,?,?,?,?,?,?,?)
2024-01-29T19:13:44.224+09:00 TRACE 142768 --- [    Test worker] org.hibernate.orm.jdbc.bind              : binding parameter [1] as [VARCHAR] - [null]
2024-01-29T19:13:44.225+09:00 TRACE 142768 --- [    Test worker] org.hibernate.orm.jdbc.bind              : binding parameter [2] as [BOOLEAN] - [false]
2024-01-29T19:13:44.225+09:00 TRACE 142768 --- [    Test worker] org.hibernate.orm.jdbc.bind              : binding parameter [3] as [TIMESTAMP] - [null]
2024-01-29T19:13:44.225+09:00 TRACE 142768 --- [    Test worker] org.hibernate.orm.jdbc.bind              : binding parameter [4] as [VARCHAR] - [null]
2024-01-29T19:13:44.225+09:00 TRACE 142768 --- [    Test worker] org.hibernate.orm.jdbc.bind              : binding parameter [5] as [VARCHAR] - [null]
2024-01-29T19:13:44.225+09:00 TRACE 142768 --- [    Test worker] org.hibernate.orm.jdbc.bind              : binding parameter [6] as [VARCHAR] - [null]
2024-01-29T19:13:44.225+09:00 TRACE 142768 --- [    Test worker] org.hibernate.orm.jdbc.bind              : binding parameter [7] as [INTEGER] - [0]
2024-01-29T19:13:44.225+09:00 TRACE 142768 --- [    Test worker] org.hibernate.orm.jdbc.bind              : binding parameter [8] as [VARCHAR] - [null]
2024-01-29T19:13:44.225+09:00 TRACE 142768 --- [    Test worker] org.hibernate.orm.jdbc.bind              : binding parameter [9] as [BIGINT] - [3359]
Hibernate: 
    insert 
    into
        post
        (answer,content,datetime,explanation,member_id,recommendation_count,title,type,view_count,post_id) 
    values
        (?,?,?,?,?,?,?,?,?,?)
2024-01-29T19:13:44.237+09:00 TRACE 142768 --- [    Test worker] org.hibernate.orm.jdbc.bind              : binding parameter [1] as [VARCHAR] - [null]
2024-01-29T19:13:44.237+09:00 TRACE 142768 --- [    Test worker] org.hibernate.orm.jdbc.bind              : binding parameter [2] as [VARCHAR] - [null]
2024-01-29T19:13:44.237+09:00 TRACE 142768 --- [    Test worker] org.hibernate.orm.jdbc.bind              : binding parameter [3] as [TIMESTAMP] - [null]
2024-01-29T19:13:44.237+09:00 TRACE 142768 --- [    Test worker] org.hibernate.orm.jdbc.bind              : binding parameter [4] as [VARCHAR] - [null]
2024-01-29T19:13:44.238+09:00 TRACE 142768 --- [    Test worker] org.hibernate.orm.jdbc.bind              : binding parameter [5] as [BIGINT] - [null]
2024-01-29T19:13:44.238+09:00 TRACE 142768 --- [    Test worker] org.hibernate.orm.jdbc.bind              : binding parameter [6] as [INTEGER] - [0]
2024-01-29T19:13:44.238+09:00 TRACE 142768 --- [    Test worker] org.hibernate.orm.jdbc.bind              : binding parameter [7] as [VARCHAR] - [null]
2024-01-29T19:13:44.238+09:00 TRACE 142768 --- [    Test worker] org.hibernate.orm.jdbc.bind              : binding parameter [8] as [VARCHAR] - [null]
2024-01-29T19:13:44.238+09:00 TRACE 142768 --- [    Test worker] org.hibernate.orm.jdbc.bind              : binding parameter [9] as [INTEGER] - [0]
2024-01-29T19:13:44.238+09:00 TRACE 142768 --- [    Test worker] org.hibernate.orm.jdbc.bind              : binding parameter [10] as [BIGINT] - [2606]
Hibernate: 
    insert 
    into
        comment
        (content,datetime,member_id,parent_id,post_id,recommend,comment_id) 
    values
        (?,?,?,?,?,?,?)
2024-01-29T19:13:44.244+09:00 TRACE 142768 --- [    Test worker] org.hibernate.orm.jdbc.bind              : binding parameter [1] as [VARCHAR] - [test2]
2024-01-29T19:13:44.244+09:00 TRACE 142768 --- [    Test worker] org.hibernate.orm.jdbc.bind              : binding parameter [2] as [TIMESTAMP] - [2024-01-30T04:13:44.198277300]
2024-01-29T19:13:44.245+09:00 TRACE 142768 --- [    Test worker] org.hibernate.orm.jdbc.bind              : binding parameter [3] as [BIGINT] - [3359]
2024-01-29T19:13:44.245+09:00 TRACE 142768 --- [    Test worker] org.hibernate.orm.jdbc.bind              : binding parameter [4] as [BIGINT] - [null]
2024-01-29T19:13:44.245+09:00 TRACE 142768 --- [    Test worker] org.hibernate.orm.jdbc.bind              : binding parameter [5] as [BIGINT] - [2606]
2024-01-29T19:13:44.245+09:00 TRACE 142768 --- [    Test worker] org.hibernate.orm.jdbc.bind              : binding parameter [6] as [INTEGER] - [0]
2024-01-29T19:13:44.245+09:00 TRACE 142768 --- [    Test worker] org.hibernate.orm.jdbc.bind              : binding parameter [7] as [BIGINT] - [2707]
Hibernate: 
    select
        c1_0.comment_id,
        c1_0.content,
        c1_0.datetime,
        c1_0.member_id,
        c1_0.parent_id,
        c1_0.post_id,
        c1_0.recommend 
    from
        comment c1_0
Hibernate: 
    select
        m1_0.member_id,
        m1_0.authentication_code,
        m1_0.activated,
        m1_0.authentication_code_expire_time,
        m1_0.email,
        m1_0.nickname,
        m1_0.password,
        m1_0.ranking,
        m1_0.username 
    from
        member m1_0 
    where
        m1_0.member_id=?
2024-01-29T19:13:44.261+09:00 TRACE 142768 --- [    Test worker] org.hibernate.orm.jdbc.bind              : binding parameter [1] as [BIGINT] - [2152]
Hibernate: 
    select
        p1_0.post_id,
        p1_0.answer,
        p1_0.content,
        p1_0.datetime,
        p1_0.explanation,
        m1_0.member_id,
        m1_0.authentication_code,
        m1_0.activated,
        m1_0.authentication_code_expire_time,
        m1_0.email,
        m1_0.nickname,
        m1_0.password,
        m1_0.ranking,
        m1_0.username,
        p1_0.recommendation_count,
        p1_0.title,
        p1_0.type,
        p1_0.view_count 
    from
        post p1_0 
    left join
        member m1_0 
            on m1_0.member_id=p1_0.member_id 
    where
        p1_0.post_id=?
2024-01-29T19:13:44.268+09:00 TRACE 142768 --- [    Test worker] org.hibernate.orm.jdbc.bind              : binding parameter [1] as [BIGINT] - [1302]
Hibernate: 
    select
        m1_0.member_id,
        m1_0.authentication_code,
        m1_0.activated,
        m1_0.authentication_code_expire_time,
        m1_0.email,
        m1_0.nickname,
        m1_0.password,
        m1_0.ranking,
        m1_0.username 
    from
        member m1_0 
    where
        m1_0.member_id=?
2024-01-29T19:13:44.275+09:00 TRACE 142768 --- [    Test worker] org.hibernate.orm.jdbc.bind              : binding parameter [1] as [BIGINT] - [2257]
Hibernate: 
    select
        p1_0.post_id,
        p1_0.answer,
        p1_0.content,
        p1_0.datetime,
        p1_0.explanation,
        m1_0.member_id,
        m1_0.authentication_code,
        m1_0.activated,
        m1_0.authentication_code_expire_time,
        m1_0.email,
        m1_0.nickname,
        m1_0.password,
        m1_0.ranking,
        m1_0.username,
        p1_0.recommendation_count,
        p1_0.title,
        p1_0.type,
        p1_0.view_count 
    from
        post p1_0 
    left join
        member m1_0 
            on m1_0.member_id=p1_0.member_id 
    where
        p1_0.post_id=?
2024-01-29T19:13:44.280+09:00 TRACE 142768 --- [    Test worker] org.hibernate.orm.jdbc.bind              : binding parameter [1] as [BIGINT] - [1502]
Hibernate: 
    select
        m1_0.member_id,
        m1_0.authentication_code,
        m1_0.activated,
        m1_0.authentication_code_expire_time,
        m1_0.email,
        m1_0.nickname,
        m1_0.password,
        m1_0.ranking,
        m1_0.username 
    from
        member m1_0 
    where
        m1_0.member_id=?
2024-01-29T19:13:44.286+09:00 TRACE 142768 --- [    Test worker] org.hibernate.orm.jdbc.bind              : binding parameter [1] as [BIGINT] - [2260]
Hibernate: 
    select
        p1_0.post_id,
        p1_0.answer,
        p1_0.content,
        p1_0.datetime,
        p1_0.explanation,
        m1_0.member_id,
        m1_0.authentication_code,
        m1_0.activated,
        m1_0.authentication_code_expire_time,
        m1_0.email,
        m1_0.nickname,
        m1_0.password,
        m1_0.ranking,
        m1_0.username,
        p1_0.recommendation_count,
        p1_0.title,
        p1_0.type,
        p1_0.view_count 
    from
        post p1_0 
    left join
        member m1_0 
            on m1_0.member_id=p1_0.member_id 
    where
        p1_0.post_id=?
2024-01-29T19:13:44.292+09:00 TRACE 142768 --- [    Test worker] org.hibernate.orm.jdbc.bind              : binding parameter [1] as [BIGINT] - [1503]
Hibernate: 
    select
        m1_0.member_id,
        m1_0.authentication_code,
        m1_0.activated,
        m1_0.authentication_code_expire_time,
        m1_0.email,
        m1_0.nickname,
        m1_0.password,
        m1_0.ranking,
        m1_0.username 
    from
        member m1_0 
    where
        m1_0.member_id=?
2024-01-29T19:13:44.296+09:00 TRACE 142768 --- [    Test worker] org.hibernate.orm.jdbc.bind              : binding parameter [1] as [BIGINT] - [2402]
Hibernate: 
    select
        p1_0.post_id,
        p1_0.answer,
        p1_0.content,
        p1_0.datetime,
        p1_0.explanation,
        m1_0.member_id,
        m1_0.authentication_code,
        m1_0.activated,
        m1_0.authentication_code_expire_time,
        m1_0.email,
        m1_0.nickname,
        m1_0.password,
        m1_0.ranking,
        m1_0.username,
        p1_0.recommendation_count,
        p1_0.title,
        p1_0.type,
        p1_0.view_count 
    from
        post p1_0 
    left join
        member m1_0 
            on m1_0.member_id=p1_0.member_id 
    where
        p1_0.post_id=?
2024-01-29T19:13:44.302+09:00 TRACE 142768 --- [    Test worker] org.hibernate.orm.jdbc.bind              : binding parameter [1] as [BIGINT] - [1506]
Hibernate: 
    select
        p1_0.post_id,
        p1_0.answer,
        p1_0.content,
        p1_0.datetime,
        p1_0.explanation,
        m1_0.member_id,
        m1_0.authentication_code,
        m1_0.activated,
        m1_0.authentication_code_expire_time,
        m1_0.email,
        m1_0.nickname,
        m1_0.password,
        m1_0.ranking,
        m1_0.username,
        p1_0.recommendation_count,
        p1_0.title,
        p1_0.type,
        p1_0.view_count 
    from
        post p1_0 
    left join
        member m1_0 
            on m1_0.member_id=p1_0.member_id 
    where
        p1_0.post_id=?
2024-01-29T19:13:44.308+09:00 TRACE 142768 --- [    Test worker] org.hibernate.orm.jdbc.bind              : binding parameter [1] as [BIGINT] - [1213]
Hibernate: 
    select
        p1_0.post_id,
        p1_0.answer,
        p1_0.content,
        p1_0.datetime,
        p1_0.explanation,
        m1_0.member_id,
        m1_0.authentication_code,
        m1_0.activated,
        m1_0.authentication_code_expire_time,
        m1_0.email,
        m1_0.nickname,
        m1_0.password,
        m1_0.ranking,
        m1_0.username,
        p1_0.recommendation_count,
        p1_0.title,
        p1_0.type,
        p1_0.view_count 
    from
        post p1_0 
    left join
        member m1_0 
            on m1_0.member_id=p1_0.member_id 
    where
        p1_0.post_id=?
2024-01-29T19:13:44.314+09:00 TRACE 142768 --- [    Test worker] org.hibernate.orm.jdbc.bind              : binding parameter [1] as [BIGINT] - [1303]
Hibernate: 
    select
        p1_0.post_id,
        p1_0.answer,
        p1_0.content,
        p1_0.datetime,
        p1_0.explanation,
        m1_0.member_id,
        m1_0.authentication_code,
        m1_0.activated,
        m1_0.authentication_code_expire_time,
        m1_0.email,
        m1_0.nickname,
        m1_0.password,
        m1_0.ranking,
        m1_0.username,
        p1_0.recommendation_count,
        p1_0.title,
        p1_0.type,
        p1_0.view_count 
    from
        post p1_0 
    left join
        member m1_0 
            on m1_0.member_id=p1_0.member_id 
    where
        p1_0.post_id=?
2024-01-29T19:13:44.321+09:00 TRACE 142768 --- [    Test worker] org.hibernate.orm.jdbc.bind              : binding parameter [1] as [BIGINT] - [1304]
Hibernate: 
    select
        p1_0.post_id,
        p1_0.answer,
        p1_0.content,
        p1_0.datetime,
        p1_0.explanation,
        m1_0.member_id,
        m1_0.authentication_code,
        m1_0.activated,
        m1_0.authentication_code_expire_time,
        m1_0.email,
        m1_0.nickname,
        m1_0.password,
        m1_0.ranking,
        m1_0.username,
        p1_0.recommendation_count,
        p1_0.title,
        p1_0.type,
        p1_0.view_count 
    from
        post p1_0 
    left join
        member m1_0 
            on m1_0.member_id=p1_0.member_id 
    where
        p1_0.post_id=?
2024-01-29T19:13:44.327+09:00 TRACE 142768 --- [    Test worker] org.hibernate.orm.jdbc.bind              : binding parameter [1] as [BIGINT] - [1652]
Hibernate: 
    select
        m1_0.member_id,
        m1_0.authentication_code,
        m1_0.activated,
        m1_0.authentication_code_expire_time,
        m1_0.email,
        m1_0.nickname,
        m1_0.password,
        m1_0.ranking,
        m1_0.username 
    from
        member m1_0 
    where
        m1_0.member_id=?
2024-01-29T19:13:44.333+09:00 TRACE 142768 --- [    Test worker] org.hibernate.orm.jdbc.bind              : binding parameter [1] as [BIGINT] - [1]
Hibernate: 
    select
        p1_0.post_id,
        p1_0.answer,
        p1_0.content,
        p1_0.datetime,
        p1_0.explanation,
        m1_0.member_id,
        m1_0.authentication_code,
        m1_0.activated,
        m1_0.authentication_code_expire_time,
        m1_0.email,
        m1_0.nickname,
        m1_0.password,
        m1_0.ranking,
        m1_0.username,
        p1_0.recommendation_count,
        p1_0.title,
        p1_0.type,
        p1_0.view_count 
    from
        post p1_0 
    left join
        member m1_0 
            on m1_0.member_id=p1_0.member_id 
    where
        p1_0.post_id=?
2024-01-29T19:13:44.337+09:00 TRACE 142768 --- [    Test worker] org.hibernate.orm.jdbc.bind              : binding parameter [1] as [BIGINT] - [1653]
Hibernate: 
    select
        p1_0.post_id,
        p1_0.answer,
        p1_0.content,
        p1_0.datetime,
        p1_0.explanation,
        m1_0.member_id,
        m1_0.authentication_code,
        m1_0.activated,
        m1_0.authentication_code_expire_time,
        m1_0.email,
        m1_0.nickname,
        m1_0.password,
        m1_0.ranking,
        m1_0.username,
        p1_0.recommendation_count,
        p1_0.title,
        p1_0.type,
        p1_0.view_count 
    from
        post p1_0 
    left join
        member m1_0 
            on m1_0.member_id=p1_0.member_id 
    where
        p1_0.post_id=?
2024-01-29T19:13:44.344+09:00 TRACE 142768 --- [    Test worker] org.hibernate.orm.jdbc.bind              : binding parameter [1] as [BIGINT] - [1654]
Hibernate: 
    select
        p1_0.post_id,
        p1_0.answer,
        p1_0.content,
        p1_0.datetime,
        p1_0.explanation,
        m1_0.member_id,
        m1_0.authentication_code,
        m1_0.activated,
        m1_0.authentication_code_expire_time,
        m1_0.email,
        m1_0.nickname,
        m1_0.password,
        m1_0.ranking,
        m1_0.username,
        p1_0.recommendation_count,
        p1_0.title,
        p1_0.type,
        p1_0.view_count 
    from
        post p1_0 
    left join
        member m1_0 
            on m1_0.member_id=p1_0.member_id 
    where
        p1_0.post_id=?
2024-01-29T19:13:44.349+09:00 TRACE 142768 --- [    Test worker] org.hibernate.orm.jdbc.bind              : binding parameter [1] as [BIGINT] - [1403]
Hibernate: 
    select
        m1_0.member_id,
        m1_0.authentication_code,
        m1_0.activated,
        m1_0.authentication_code_expire_time,
        m1_0.email,
        m1_0.nickname,
        m1_0.password,
        m1_0.ranking,
        m1_0.username 
    from
        member m1_0 
    where
        m1_0.member_id=?
2024-01-29T19:13:44.355+09:00 TRACE 142768 --- [    Test worker] org.hibernate.orm.jdbc.bind              : binding parameter [1] as [BIGINT] - [2261]
Hibernate: 
    select
        m1_0.member_id,
        m1_0.authentication_code,
        m1_0.activated,
        m1_0.authentication_code_expire_time,
        m1_0.email,
        m1_0.nickname,
        m1_0.password,
        m1_0.ranking,
        m1_0.username 
    from
        member m1_0 
    where
        m1_0.member_id=?
2024-01-29T19:13:44.360+09:00 TRACE 142768 --- [    Test worker] org.hibernate.orm.jdbc.bind              : binding parameter [1] as [BIGINT] - [2452]
Hibernate: 
    select
        p1_0.post_id,
        p1_0.answer,
        p1_0.content,
        p1_0.datetime,
        p1_0.explanation,
        m1_0.member_id,
        m1_0.authentication_code,
        m1_0.activated,
        m1_0.authentication_code_expire_time,
        m1_0.email,
        m1_0.nickname,
        m1_0.password,
        m1_0.ranking,
        m1_0.username,
        p1_0.recommendation_count,
        p1_0.title,
        p1_0.type,
        p1_0.view_count 
    from
        post p1_0 
    left join
        member m1_0 
            on m1_0.member_id=p1_0.member_id 
    where
        p1_0.post_id=?
2024-01-29T19:13:44.370+09:00 TRACE 142768 --- [    Test worker] org.hibernate.orm.jdbc.bind              : binding parameter [1] as [BIGINT] - [1505]
Hibernate: 
    select
        p1_0.post_id,
        p1_0.answer,
        p1_0.content,
        p1_0.datetime,
        p1_0.explanation,
        m1_0.member_id,
        m1_0.authentication_code,
        m1_0.activated,
        m1_0.authentication_code_expire_time,
        m1_0.email,
        m1_0.nickname,
        m1_0.password,
        m1_0.ranking,
        m1_0.username,
        p1_0.recommendation_count,
        p1_0.title,
        p1_0.type,
        p1_0.view_count 
    from
        post p1_0 
    left join
        member m1_0 
            on m1_0.member_id=p1_0.member_id 
    where
        p1_0.post_id=?
2024-01-29T19:13:44.375+09:00 TRACE 142768 --- [    Test worker] org.hibernate.orm.jdbc.bind              : binding parameter [1] as [BIGINT] - [2452]
]]></system-out>
  <system-err><![CDATA[]]></system-err>
</testsuite>
