<?xml version="1.0" encoding="UTF-8"?>
<testsuite name="com.findme.mysteryweb.Repository.PostRepositoryTest" tests="1" skipped="0" failures="0" errors="0" timestamp="2024-01-08T05:57:18" hostname="DESKTOP-CSD8MNN" time="1.535">
  <properties/>
  <testcase name="findAllByTypeAndTitle()" classname="com.findme.mysteryweb.Repository.PostRepositoryTest" time="1.535"/>
  <system-out><![CDATA[14:57:12.473 [Test worker] INFO org.springframework.test.context.support.AnnotationConfigContextLoaderUtils -- Could not detect default configuration classes for test class [com.findme.mysteryweb.Repository.PostRepositoryTest]: PostRepositoryTest does not declare any static, non-private, non-final, nested classes annotated with @Configuration.
14:57:12.638 [Test worker] INFO org.springframework.boot.test.context.SpringBootTestContextBootstrapper -- Found @SpringBootConfiguration com.findme.mysteryweb.MysterywebApplication for test class com.findme.mysteryweb.Repository.PostRepositoryTest

  .   ____          _            __ _ _
 /\\ / ___'_ __ _ _(_)_ __  __ _ \ \ \ \
( ( )\___ | '_ | '_| | '_ \/ _` | \ \ \ \
 \\/  ___)| |_)| | | | | || (_| |  ) ) ) )
  '  |____| .__|_| |_|_| |_\__, | / / / /
 =========|_|==============|___/=/_/_/_/
 :: Spring Boot ::                (v3.1.3)

2024-01-08T14:57:13.246+09:00  INFO 758328 --- [    Test worker] c.f.m.Repository.PostRepositoryTest      : Starting PostRepositoryTest using Java 17.0.2 with PID 758328 (started by tjrwn in C:\springStudy\mysteryweb)
2024-01-08T14:57:13.247+09:00  INFO 758328 --- [    Test worker] c.f.m.Repository.PostRepositoryTest      : No active profile set, falling back to 1 default profile: "default"
2024-01-08T14:57:13.965+09:00  INFO 758328 --- [    Test worker] .s.d.r.c.RepositoryConfigurationDelegate : Bootstrapping Spring Data JPA repositories in DEFAULT mode.
2024-01-08T14:57:13.994+09:00  INFO 758328 --- [    Test worker] .s.d.r.c.RepositoryConfigurationDelegate : Finished Spring Data repository scanning in 14 ms. Found 0 JPA repository interfaces.
2024-01-08T14:57:14.409+09:00  INFO 758328 --- [    Test worker] o.hibernate.jpa.internal.util.LogHelper  : HHH000204: Processing PersistenceUnitInfo [name: default]
2024-01-08T14:57:14.495+09:00  INFO 758328 --- [    Test worker] org.hibernate.Version                    : HHH000412: Hibernate ORM core version 6.2.7.Final
2024-01-08T14:57:14.499+09:00  INFO 758328 --- [    Test worker] org.hibernate.cfg.Environment            : HHH000406: Using bytecode reflection optimizer
2024-01-08T14:57:14.706+09:00  INFO 758328 --- [    Test worker] o.h.b.i.BytecodeProviderInitiator        : HHH000021: Bytecode provider name : bytebuddy
2024-01-08T14:57:14.912+09:00  INFO 758328 --- [    Test worker] o.s.o.j.p.SpringPersistenceUnitInfo      : No LoadTimeWeaver setup: ignoring JPA class transformer
2024-01-08T14:57:14.938+09:00  INFO 758328 --- [    Test worker] com.zaxxer.hikari.HikariDataSource       : HikariPool-1 - Starting...
2024-01-08T14:57:15.219+09:00  INFO 758328 --- [    Test worker] com.zaxxer.hikari.pool.HikariPool        : HikariPool-1 - Added connection com.mysql.cj.jdbc.ConnectionImpl@74b97416
2024-01-08T14:57:15.222+09:00  INFO 758328 --- [    Test worker] com.zaxxer.hikari.HikariDataSource       : HikariPool-1 - Start completed.
2024-01-08T14:57:15.607+09:00  INFO 758328 --- [    Test worker] o.h.b.i.BytecodeProviderInitiator        : HHH000021: Bytecode provider name : bytebuddy
2024-01-08T14:57:16.466+09:00  INFO 758328 --- [    Test worker] o.h.e.t.j.p.i.JtaPlatformInitiator       : HHH000490: Using JtaPlatform implementation: [org.hibernate.engine.transaction.jta.platform.internal.NoJtaPlatform]
2024-01-08T14:57:16.540+09:00 DEBUG 758328 --- [    Test worker] org.hibernate.SQL                        : 
    alter table additional_post 
       modify column date_time  datetime(6)
Hibernate: 
    alter table additional_post 
       modify column date_time  datetime(6)
2024-01-08T14:57:16.567+09:00 DEBUG 758328 --- [    Test worker] org.hibernate.SQL                        : 
    alter table comment 
       modify column content  TEXT
Hibernate: 
    alter table comment 
       modify column content  TEXT
2024-01-08T14:57:16.590+09:00 DEBUG 758328 --- [    Test worker] org.hibernate.SQL                        : 
    alter table comment 
       modify column date_time  datetime(6)
Hibernate: 
    alter table comment 
       modify column date_time  datetime(6)
2024-01-08T14:57:16.616+09:00 DEBUG 758328 --- [    Test worker] org.hibernate.SQL                        : 
    alter table member 
       modify column authentication_code_expire_time  datetime(6)
Hibernate: 
    alter table member 
       modify column authentication_code_expire_time  datetime(6)
2024-01-08T14:57:16.647+09:00 DEBUG 758328 --- [    Test worker] org.hibernate.SQL                        : 
    alter table post 
       modify column answer  TEXT
Hibernate: 
    alter table post 
       modify column answer  TEXT
2024-01-08T14:57:16.683+09:00 DEBUG 758328 --- [    Test worker] org.hibernate.SQL                        : 
    alter table post 
       modify column answer_type  enum ('multiple_answer','short_answer')
Hibernate: 
    alter table post 
       modify column answer_type  enum ('multiple_answer','short_answer')
2024-01-08T14:57:16.713+09:00 DEBUG 758328 --- [    Test worker] org.hibernate.SQL                        : 
    alter table post 
       modify column content  TEXT
Hibernate: 
    alter table post 
       modify column content  TEXT
2024-01-08T14:57:16.740+09:00 DEBUG 758328 --- [    Test worker] org.hibernate.SQL                        : 
    alter table post 
       modify column data_time  datetime(6)
Hibernate: 
    alter table post 
       modify column data_time  datetime(6)
2024-01-08T14:57:16.770+09:00 DEBUG 758328 --- [    Test worker] org.hibernate.SQL                        : 
    alter table post 
       modify column title  TEXT
Hibernate: 
    alter table post 
       modify column title  TEXT
2024-01-08T14:57:16.804+09:00 DEBUG 758328 --- [    Test worker] org.hibernate.SQL                        : 
    alter table post 
       modify column type  TEXT
Hibernate: 
    alter table post 
       modify column type  TEXT
2024-01-08T14:57:16.999+09:00  INFO 758328 --- [    Test worker] j.LocalContainerEntityManagerFactoryBean : Initialized JPA EntityManagerFactory for persistence unit 'default'
2024-01-08T14:57:17.354+09:00  WARN 758328 --- [    Test worker] JpaBaseConfiguration$JpaWebConfiguration : spring.jpa.open-in-view is enabled by default. Therefore, database queries may be performed during view rendering. Explicitly configure spring.jpa.open-in-view to disable this warning
2024-01-08T14:57:18.108+09:00  INFO 758328 --- [    Test worker] c.f.m.Repository.PostRepositoryTest      : Started PostRepositoryTest in 5.203 seconds (process running for 6.683)
2024-01-08T14:57:19.029+09:00 DEBUG 758328 --- [    Test worker] org.hibernate.SQL                        : 
    select
        next_val as id_val 
    from
        post_seq for update
Hibernate: 
    select
        next_val as id_val 
    from
        post_seq for update
2024-01-08T14:57:19.038+09:00 DEBUG 758328 --- [    Test worker] org.hibernate.SQL                        : 
    update
        post_seq 
    set
        next_val= ? 
    where
        next_val=?
Hibernate: 
    update
        post_seq 
    set
        next_val= ? 
    where
        next_val=?
2024-01-08T14:57:19.074+09:00 DEBUG 758328 --- [    Test worker] org.hibernate.SQL                        : 
    select
        next_val as id_val 
    from
        member_seq for update
Hibernate: 
    select
        next_val as id_val 
    from
        member_seq for update
2024-01-08T14:57:19.081+09:00 DEBUG 758328 --- [    Test worker] org.hibernate.SQL                        : 
    update
        member_seq 
    set
        next_val= ? 
    where
        next_val=?
Hibernate: 
    update
        member_seq 
    set
        next_val= ? 
    where
        next_val=?
2024-01-08T14:57:19.501+09:00 DEBUG 758328 --- [    Test worker] org.hibernate.SQL                        : 
    insert 
    into
        member
        (authentication_code,activated,authentication_code_expire_time,email,nickname,password,solved,username,member_id) 
    values
        (?,?,?,?,?,?,?,?,?)
Hibernate: 
    insert 
    into
        member
        (authentication_code,activated,authentication_code_expire_time,email,nickname,password,solved,username,member_id) 
    values
        (?,?,?,?,?,?,?,?,?)
2024-01-08T14:57:19.505+09:00 TRACE 758328 --- [    Test worker] org.hibernate.orm.jdbc.bind              : binding parameter [1] as [VARCHAR] - [null]
2024-01-08T14:57:19.505+09:00 TRACE 758328 --- [    Test worker] org.hibernate.orm.jdbc.bind              : binding parameter [2] as [BOOLEAN] - [false]
2024-01-08T14:57:19.505+09:00 TRACE 758328 --- [    Test worker] org.hibernate.orm.jdbc.bind              : binding parameter [3] as [TIMESTAMP] - [null]
2024-01-08T14:57:19.505+09:00 TRACE 758328 --- [    Test worker] org.hibernate.orm.jdbc.bind              : binding parameter [4] as [VARCHAR] - [null]
2024-01-08T14:57:19.505+09:00 TRACE 758328 --- [    Test worker] org.hibernate.orm.jdbc.bind              : binding parameter [5] as [VARCHAR] - [null]
2024-01-08T14:57:19.505+09:00 TRACE 758328 --- [    Test worker] org.hibernate.orm.jdbc.bind              : binding parameter [6] as [VARCHAR] - [null]
2024-01-08T14:57:19.505+09:00 TRACE 758328 --- [    Test worker] org.hibernate.orm.jdbc.bind              : binding parameter [7] as [INTEGER] - [0]
2024-01-08T14:57:19.505+09:00 TRACE 758328 --- [    Test worker] org.hibernate.orm.jdbc.bind              : binding parameter [8] as [VARCHAR] - [null]
2024-01-08T14:57:19.506+09:00 TRACE 758328 --- [    Test worker] org.hibernate.orm.jdbc.bind              : binding parameter [9] as [BIGINT] - [1352]
2024-01-08T14:57:19.516+09:00 DEBUG 758328 --- [    Test worker] org.hibernate.SQL                        : 
    insert 
    into
        post
        (answer,answer_type,content,data_time,member_id,recommend,title,type,post_id) 
    values
        (?,?,?,?,?,?,?,?,?)
Hibernate: 
    insert 
    into
        post
        (answer,answer_type,content,data_time,member_id,recommend,title,type,post_id) 
    values
        (?,?,?,?,?,?,?,?,?)
2024-01-08T14:57:19.517+09:00 TRACE 758328 --- [    Test worker] org.hibernate.orm.jdbc.bind              : binding parameter [1] as [VARCHAR] - [test]
2024-01-08T14:57:19.517+09:00 TRACE 758328 --- [    Test worker] org.hibernate.orm.jdbc.bind              : binding parameter [2] as [VARCHAR] - [multiple_answer]
2024-01-08T14:57:19.518+09:00 TRACE 758328 --- [    Test worker] org.hibernate.orm.jdbc.bind              : binding parameter [3] as [VARCHAR] - [test1]
2024-01-08T14:57:19.518+09:00 TRACE 758328 --- [    Test worker] org.hibernate.orm.jdbc.bind              : binding parameter [4] as [TIMESTAMP] - [2024-01-08T14:57:19.006935200]
2024-01-08T14:57:19.518+09:00 TRACE 758328 --- [    Test worker] org.hibernate.orm.jdbc.bind              : binding parameter [5] as [BIGINT] - [1352]
2024-01-08T14:57:19.518+09:00 TRACE 758328 --- [    Test worker] org.hibernate.orm.jdbc.bind              : binding parameter [6] as [INTEGER] - [0]
2024-01-08T14:57:19.518+09:00 TRACE 758328 --- [    Test worker] org.hibernate.orm.jdbc.bind              : binding parameter [7] as [VARCHAR] - [test1]
2024-01-08T14:57:19.518+09:00 TRACE 758328 --- [    Test worker] org.hibernate.orm.jdbc.bind              : binding parameter [8] as [VARCHAR] - [test1]
2024-01-08T14:57:19.518+09:00 TRACE 758328 --- [    Test worker] org.hibernate.orm.jdbc.bind              : binding parameter [9] as [BIGINT] - [152]
2024-01-08T14:57:19.529+09:00 DEBUG 758328 --- [    Test worker] org.hibernate.SQL                        : 
    insert 
    into
        member
        (authentication_code,activated,authentication_code_expire_time,email,nickname,password,solved,username,member_id) 
    values
        (?,?,?,?,?,?,?,?,?)
Hibernate: 
    insert 
    into
        member
        (authentication_code,activated,authentication_code_expire_time,email,nickname,password,solved,username,member_id) 
    values
        (?,?,?,?,?,?,?,?,?)
2024-01-08T14:57:19.530+09:00 TRACE 758328 --- [    Test worker] org.hibernate.orm.jdbc.bind              : binding parameter [1] as [VARCHAR] - [null]
2024-01-08T14:57:19.530+09:00 TRACE 758328 --- [    Test worker] org.hibernate.orm.jdbc.bind              : binding parameter [2] as [BOOLEAN] - [false]
2024-01-08T14:57:19.531+09:00 TRACE 758328 --- [    Test worker] org.hibernate.orm.jdbc.bind              : binding parameter [3] as [TIMESTAMP] - [null]
2024-01-08T14:57:19.531+09:00 TRACE 758328 --- [    Test worker] org.hibernate.orm.jdbc.bind              : binding parameter [4] as [VARCHAR] - [null]
2024-01-08T14:57:19.531+09:00 TRACE 758328 --- [    Test worker] org.hibernate.orm.jdbc.bind              : binding parameter [5] as [VARCHAR] - [null]
2024-01-08T14:57:19.531+09:00 TRACE 758328 --- [    Test worker] org.hibernate.orm.jdbc.bind              : binding parameter [6] as [VARCHAR] - [null]
2024-01-08T14:57:19.531+09:00 TRACE 758328 --- [    Test worker] org.hibernate.orm.jdbc.bind              : binding parameter [7] as [INTEGER] - [0]
2024-01-08T14:57:19.531+09:00 TRACE 758328 --- [    Test worker] org.hibernate.orm.jdbc.bind              : binding parameter [8] as [VARCHAR] - [null]
2024-01-08T14:57:19.531+09:00 TRACE 758328 --- [    Test worker] org.hibernate.orm.jdbc.bind              : binding parameter [9] as [BIGINT] - [1353]
2024-01-08T14:57:19.538+09:00 DEBUG 758328 --- [    Test worker] org.hibernate.SQL                        : 
    insert 
    into
        post
        (answer,answer_type,content,data_time,member_id,recommend,title,type,post_id) 
    values
        (?,?,?,?,?,?,?,?,?)
Hibernate: 
    insert 
    into
        post
        (answer,answer_type,content,data_time,member_id,recommend,title,type,post_id) 
    values
        (?,?,?,?,?,?,?,?,?)
2024-01-08T14:57:19.539+09:00 TRACE 758328 --- [    Test worker] org.hibernate.orm.jdbc.bind              : binding parameter [1] as [VARCHAR] - [test]
2024-01-08T14:57:19.539+09:00 TRACE 758328 --- [    Test worker] org.hibernate.orm.jdbc.bind              : binding parameter [2] as [VARCHAR] - [multiple_answer]
2024-01-08T14:57:19.539+09:00 TRACE 758328 --- [    Test worker] org.hibernate.orm.jdbc.bind              : binding parameter [3] as [VARCHAR] - [test2]
2024-01-08T14:57:19.539+09:00 TRACE 758328 --- [    Test worker] org.hibernate.orm.jdbc.bind              : binding parameter [4] as [TIMESTAMP] - [2024-01-08T14:57:19.006935200]
2024-01-08T14:57:19.540+09:00 TRACE 758328 --- [    Test worker] org.hibernate.orm.jdbc.bind              : binding parameter [5] as [BIGINT] - [1353]
2024-01-08T14:57:19.540+09:00 TRACE 758328 --- [    Test worker] org.hibernate.orm.jdbc.bind              : binding parameter [6] as [INTEGER] - [0]
2024-01-08T14:57:19.540+09:00 TRACE 758328 --- [    Test worker] org.hibernate.orm.jdbc.bind              : binding parameter [7] as [VARCHAR] - [test1]
2024-01-08T14:57:19.540+09:00 TRACE 758328 --- [    Test worker] org.hibernate.orm.jdbc.bind              : binding parameter [8] as [VARCHAR] - [test2]
2024-01-08T14:57:19.540+09:00 TRACE 758328 --- [    Test worker] org.hibernate.orm.jdbc.bind              : binding parameter [9] as [BIGINT] - [153]
2024-01-08T14:57:19.580+09:00 DEBUG 758328 --- [    Test worker] org.hibernate.SQL                        : 
    select
        p1_0.post_id,
        p1_0.answer,
        p1_0.answer_type,
        p1_0.content,
        p1_0.data_time,
        p1_0.member_id,
        p1_0.recommend,
        p1_0.title,
        p1_0.type 
    from
        post p1_0 
    where
        p1_0.title like replace(?,'\\','\\\\') 
        and p1_0.type like replace(?,'\\','\\\\')
Hibernate: 
    select
        p1_0.post_id,
        p1_0.answer,
        p1_0.answer_type,
        p1_0.content,
        p1_0.data_time,
        p1_0.member_id,
        p1_0.recommend,
        p1_0.title,
        p1_0.type 
    from
        post p1_0 
    where
        p1_0.title like replace(?,'\\','\\\\') 
        and p1_0.type like replace(?,'\\','\\\\')
2024-01-08T14:57:19.581+09:00 TRACE 758328 --- [    Test worker] org.hibernate.orm.jdbc.bind              : binding parameter [1] as [VARCHAR] - [test1]
2024-01-08T14:57:19.581+09:00 TRACE 758328 --- [    Test worker] org.hibernate.orm.jdbc.bind              : binding parameter [2] as [VARCHAR] - [test1]
]]></system-out>
  <system-err><![CDATA[]]></system-err>
</testsuite>
