<?xml version="1.0" encoding="UTF-8"?>
<testsuite name="com.findme.mysteryweb.MysterywebApplicationTests" tests="1" skipped="0" failures="0" errors="0" timestamp="2024-01-29T10:13:44" hostname="DESKTOP-CSD8MNN" time="0.001">
  <properties/>
  <testcase name="contextLoads()" classname="com.findme.mysteryweb.MysterywebApplicationTests" time="0.001"/>
  <system-out><![CDATA[2024-01-29T19:13:44.884+09:00  INFO 142768 --- [    Test worker] t.c.s.AnnotationConfigContextLoaderUtils : Could not detect default configuration classes for test class [com.findme.mysteryweb.MysterywebApplicationTests]: MysterywebApplicationTests does not declare any static, non-private, non-final, nested classes annotated with @Configuration.
2024-01-29T19:13:44.890+09:00  INFO 142768 --- [    Test worker] .b.t.c.SpringBootTestContextBootstrapper : Found @SpringBootConfiguration com.findme.mysteryweb.MysterywebApplication for test class com.findme.mysteryweb.MysterywebApplicationTests
]]></system-out>
  <system-err><![CDATA[]]></system-err>
</testsuite>
